<?xml version="1.0" encoding="utf-8"?><testsuites name="pytest tests"><testsuite name="pytest" errors="0" failures="0" skipped="32" tests="4466" time="360.793" timestamp="2026-07-27T14:15:19.594968-05:00" hostname="DESKTOP-RT15E78"><testcase classname="tests.test_2026_07_15_cache_serialization_remediation" name="test_config_deserialization_normalizes_boolean_spellings[true-True]" file="tests\test_2026_07_15_cache_serialization_remediation.py" line="10" time="0.001" /><testcase classname="tests.test_2026_07_15_cache_serialization_remediation" name="test_config_deserialization_normalizes_boolean_spellings[True-True]" file="tests\test_2026_07_15_cache_serialization_remediation.py" line="10" time="0.000" /><testcase classname="tests.test_2026_07_15_cache_serialization_remediation" name="test_config_deserialization_normalizes_boolean_spellings[false-False]" file="tests\test_2026_07_15_cache_serialization_remediation.py" line="10" time="0.000" /><testcase classname="tests.test_2026_07_15_cache_serialization_remediation" name="test_config_deserialization_normalizes_boolean_spellings[False-False]" file="tests\test_2026_07_15_cache_serialization_remediation.py" line="10" time="0.000" /><testcase classname="tests.test_2026_07_15_cache_serialization_remediation" name="test_config_deserialization_rejects_ambiguous_boolean_strings[0]" file="tests\test_2026_07_15_cache_serialization_remediation.py" line="26" time="0.000" /><testcase classname="tests.test_2026_07_15_cache_serialization_remediation" name="test_config_deserialization_rejects_ambiguous_boolean_strings[1]" file="tests\test_2026_07_15_cache_serialization_remediation.py" line="26" time="0.000" /><testcase classname="tests.test_2026_07_15_cache_serialization_remediation" name="test_config_deserialization_rejects_ambiguous_boolean_strings[yes]" file="tests\test_2026_07_15_cache_serialization_remediation.py" line="26" time="0.000" /><testcase classname="tests.test_2026_07_15_cache_serialization_remediation" name="test_config_deserialization_rejects_ambiguous_boolean_strings[no]" file="tests\test_2026_07_15_cache_serialization_remediation.py" line="26" time="0.000" /><testcase classname="tests.test_2026_07_15_cache_serialization_remediation" name="test_config_deserialization_rejects_ambiguous_boolean_strings[on]" file="tests\test_2026_07_15_cache_serialization_remediation.py" line="26" time="0.000" /><testcase classname="tests.test_2026_07_15_cache_serialization_remediation" name="test_config_deserialization_rejects_ambiguous_boolean_strings[off]" file="tests\test_2026_07_15_cache_serialization_remediation.py" line="26" time="0.000" /><testcase classname="tests.test_2026_07_15_cache_serialization_remediation" name="test_config_deserialization_rejects_ambiguous_boolean_strings[ false ]" file="tests\test_2026_07_15_cache_serialization_remediation.py" line="26" time="0.000" /><testcase classname="tests.test_2026_07_15_cache_serialization_remediation" name="test_config_deserialization_rejects_ambiguous_boolean_strings[]" file="tests\test_2026_07_15_cache_serialization_remediation.py" line="26" time="0.000" /><testcase classname="tests.test_2026_07_15_cache_serialization_remediation" name="test_retired_phi_boolean_uses_the_same_exact_serialized_boolean_rules" file="tests\test_2026_07_15_cache_serialization_remediation.py" line="35" time="0.000" /><testcase classname="tests.test_2026_07_15_cache_serialization_remediation" name="test_comparison_rejects_incompatible_sequence_partitions" file="tests\test_2026_07_15_cache_serialization_remediation.py" line="76" time="0.000" /><testcase classname="tests.test_2026_07_15_data_integrity_remediation" name="test_binary_cache_rejects_nonpositive_token_count_before_mapping[0]" file="tests\test_2026_07_15_data_integrity_remediation.py" line="57" time="0.009" /><testcase classname="tests.test_2026_07_15_data_integrity_remediation" name="test_binary_cache_rejects_nonpositive_token_count_before_mapping[-1]" file="tests\test_2026_07_15_data_integrity_remediation.py" line="57" time="0.002" /><testcase classname="tests.test_2026_07_15_data_integrity_remediation" name="test_binary_cache_requires_exact_metadata_byte_length[values0-4-int32-truncated]" file="tests\test_2026_07_15_data_integrity_remediation.py" line="77" time="0.003" /><testcase classname="tests.test_2026_07_15_data_integrity_remediation" name="test_binary_cache_requires_exact_metadata_byte_length[values1-4-int32-extended]" file="tests\test_2026_07_15_data_integrity_remediation.py" line="77" time="0.003" /><testcase classname="tests.test_2026_07_15_data_integrity_remediation" name="test_binary_cache_requires_exact_metadata_byte_length[values2-4-int64-dtype-inconsistent]" file="tests\test_2026_07_15_data_integrity_remediation.py" line="77" time="0.003" /><testcase classname="tests.test_2026_07_15_data_integrity_remediation" name="test_binary_cache_requires_sidecar_before_mapping" file="tests\test_2026_07_15_data_integrity_remediation.py" line="104" time="0.001" /><testcase classname="tests.test_2026_07_15_data_integrity_remediation" name="test_load_cached_tokens_rejects_invalid_limit_before_cache_read[0]" file="tests\test_2026_07_15_data_integrity_remediation.py" line="120" time="0.001" /><testcase classname="tests.test_2026_07_15_data_integrity_remediation" name="test_load_cached_tokens_rejects_invalid_limit_before_cache_read[-1]" file="tests\test_2026_07_15_data_integrity_remediation.py" line="120" time="0.001" /><testcase classname="tests.test_2026_07_15_data_integrity_remediation" name="test_load_cached_tokens_rejects_invalid_limit_before_cache_read[True]" file="tests\test_2026_07_15_data_integrity_remediation.py" line="120" time="0.001" /><testcase classname="tests.test_2026_07_15_data_integrity_remediation" name="test_load_cached_tokens_rejects_invalid_limit_before_cache_read[1.5]" file="tests\test_2026_07_15_data_integrity_remediation.py" line="120" time="0.001" /><testcase classname="tests.test_2026_07_15_data_integrity_remediation" name="test_load_cached_tokens_rejects_invalid_limit_before_cache_read[2]" file="tests\test_2026_07_15_data_integrity_remediation.py" line="120" time="0.001" /><testcase classname="tests.test_2026_07_15_data_integrity_remediation" name="test_make_dataloader_rejects_invalid_max_tokens_before_cache_read[0]" file="tests\test_2026_07_15_data_integrity_remediation.py" line="138" time="0.000" /><testcase classname="tests.test_2026_07_15_data_integrity_remediation" name="test_make_dataloader_rejects_invalid_max_tokens_before_cache_read[-1]" file="tests\test_2026_07_15_data_integrity_remediation.py" line="138" time="0.000" /><testcase classname="tests.test_2026_07_15_data_integrity_remediation" name="test_make_dataloader_rejects_invalid_max_tokens_before_cache_read[True]" file="tests\test_2026_07_15_data_integrity_remediation.py" line="138" time="0.000" /><testcase classname="tests.test_2026_07_15_data_integrity_remediation" name="test_make_dataloader_rejects_invalid_max_tokens_before_cache_read[1.5]" file="tests\test_2026_07_15_data_integrity_remediation.py" line="138" time="0.000" /><testcase classname="tests.test_2026_07_15_data_integrity_remediation" name="test_make_dataloader_rejects_invalid_max_tokens_before_cache_read[2]" file="tests\test_2026_07_15_data_integrity_remediation.py" line="138" time="0.000" /><testcase classname="tests.test_2026_07_15_data_integrity_remediation" name="test_make_dataloader_persists_exact_validated_max_tokens" file="tests\test_2026_07_15_data_integrity_remediation.py" line="158" time="0.010" /><testcase classname="tests.test_2026_07_15_data_integrity_remediation" name="test_binary_identity_canonicalizes_accepted_dtype_spellings[None]" file="tests\test_2026_07_15_data_integrity_remediation.py" line="178" time="0.008" /><testcase classname="tests.test_2026_07_15_data_integrity_remediation" name="test_binary_identity_canonicalizes_accepted_dtype_spellings[&lt;i4]" file="tests\test_2026_07_15_data_integrity_remediation.py" line="178" time="0.008" /><testcase classname="tests.test_2026_07_15_data_integrity_remediation" name="test_padded_final_evaluation_window_emits_every_transition_once" file="tests\test_2026_07_15_data_integrity_remediation.py" line="205" time="0.000" /><testcase classname="tests.test_2026_07_15_data_integrity_remediation" name="test_evaluate_slices_trailing_padding_before_noncausal_model_calls" file="tests\test_2026_07_15_data_integrity_remediation.py" line="259" time="0.001" /><testcase classname="tests.test_2026_07_15_data_integrity_remediation" name="test_evaluate_marks_bpc_unavailable_and_names_bits_per_token" file="tests\test_2026_07_15_data_integrity_remediation.py" line="273" time="0.000" /><testcase classname="tests.test_2026_07_15_data_integrity_remediation" name="test_training_log_always_names_bits_per_token_when_bpc_is_available" file="tests\test_2026_07_15_data_integrity_remediation.py" line="285" time="0.706" /><testcase classname="tests.test_2026_07_15_data_integrity_remediation" name="test_data_integrity_signatures_follow_defined_before_optional_order" file="tests\test_2026_07_15_data_integrity_remediation.py" line="318" time="0.000" /><testcase classname="tests.test_2026_07_15_data_integrity_remediation" name="test_scaling_preserves_unavailable_character_normalization" file="tests\test_2026_07_15_data_integrity_remediation.py" line="328" time="0.151" /><testcase classname="tests.test_2026_07_15_data_integrity_remediation" name="test_cached_scaling_harvest_preserves_named_bit_metrics" file="tests\test_2026_07_15_data_integrity_remediation.py" line="403" time="0.008" /><testcase classname="tests.test_2026_07_15_data_integrity_remediation" name="test_finalize_run_scaling_point_names_bit_metrics_when_unavailable" file="tests\test_2026_07_15_data_integrity_remediation.py" line="441" time="0.148" /><testcase classname="tests.test_2026_07_15_data_integrity_remediation" name="test_scaling_analysis_and_multiseed_publish_named_bit_metrics" file="tests\test_2026_07_15_data_integrity_remediation.py" line="467" time="0.012" /><testcase classname="tests.test_2026_07_15_data_integrity_remediation" name="test_cache_identity_detects_same_stat_in_place_replacement[pt]" file="tests\test_2026_07_15_data_integrity_remediation.py" line="534" time="0.003" /><testcase classname="tests.test_2026_07_15_data_integrity_remediation" name="test_cache_identity_detects_same_stat_in_place_replacement[bin]" file="tests\test_2026_07_15_data_integrity_remediation.py" line="534" time="0.009" /><testcase classname="tests.test_2026_07_15_data_integrity_remediation" name="test_make_dataloader_revalidates_source_identity_after_loading" file="tests\test_2026_07_15_data_integrity_remediation.py" line="571" time="0.000" /><testcase classname="tests.test_2026_07_15_data_integrity_remediation" name="test_tokens_per_char_is_incremental_unicode_exact_and_content_keyed" file="tests\test_2026_07_15_data_integrity_remediation.py" line="594" time="0.014" /><testcase classname="tests.test_2026_07_15_data_integrity_remediation" name="test_training_unigram_count_uses_bounded_native_width_chunks" file="tests\test_2026_07_15_data_integrity_remediation.py" line="636" time="0.000" /><testcase classname="tests.test_2026_07_15_data_integrity_remediation" name="test_provenance_reuses_one_immutable_split_digest_across_finalizations" file="tests\test_2026_07_15_data_integrity_remediation.py" line="670" time="0.019" /><testcase classname="tests.test_2026_07_15_data_integrity_remediation" name="test_train_provenance_and_research_counts_share_one_corpus_scan" file="tests\test_2026_07_15_data_integrity_remediation.py" line="706" time="0.009" /><testcase classname="tests.test_2026_07_15_data_integrity_remediation" name="test_data_identity_schema_rejects_malformed_source_before_any_restore[unsupported-schema-version]" file="tests\test_2026_07_15_data_integrity_remediation.py" line="850" time="0.282" /><testcase classname="tests.test_2026_07_15_data_integrity_remediation" name="test_data_identity_schema_rejects_malformed_source_before_any_restore[top-tokenizer-contradiction]" file="tests\test_2026_07_15_data_integrity_remediation.py" line="850" time="0.273" /><testcase classname="tests.test_2026_07_15_data_integrity_remediation" name="test_data_identity_schema_rejects_malformed_source_before_any_restore[source-tokenizer-contradiction]" file="tests\test_2026_07_15_data_integrity_remediation.py" line="850" time="0.271" /><testcase classname="tests.test_2026_07_15_data_integrity_remediation" name="test_data_identity_schema_rejects_malformed_source_before_any_restore[missing-source-format]" file="tests\test_2026_07_15_data_integrity_remediation.py" line="850" time="0.282" /><testcase classname="tests.test_2026_07_15_data_integrity_remediation" name="test_data_identity_schema_rejects_malformed_source_before_any_restore[missing-source-tokenizer]" file="tests\test_2026_07_15_data_integrity_remediation.py" line="850" time="0.267" /><testcase classname="tests.test_2026_07_15_data_integrity_remediation" name="test_data_identity_schema_rejects_malformed_source_before_any_restore[missing-source-size]" file="tests\test_2026_07_15_data_integrity_remediation.py" line="850" time="0.271" /><testcase classname="tests.test_2026_07_15_data_integrity_remediation" name="test_data_identity_schema_rejects_malformed_source_before_any_restore[missing-content-digest]" file="tests\test_2026_07_15_data_integrity_remediation.py" line="850" time="0.285" /><testcase classname="tests.test_2026_07_15_data_integrity_remediation" name="test_data_identity_schema_rejects_malformed_source_before_any_restore[missing-binary-metadata]" file="tests\test_2026_07_15_data_integrity_remediation.py" line="850" time="0.275" /><testcase classname="tests.test_2026_07_15_data_integrity_remediation" name="test_data_identity_schema_rejects_malformed_source_before_any_restore[missing-metadata-digest]" file="tests\test_2026_07_15_data_integrity_remediation.py" line="850" time="0.272" /><testcase classname="tests.test_2026_07_15_data_integrity_remediation" name="test_data_identity_schema_rejects_malformed_source_before_any_restore[missing-token-count]" file="tests\test_2026_07_15_data_integrity_remediation.py" line="850" time="0.274" /><testcase classname="tests.test_2026_07_15_data_integrity_remediation" name="test_data_identity_schema_rejects_malformed_source_before_any_restore[missing-binary-dtype]" file="tests\test_2026_07_15_data_integrity_remediation.py" line="850" time="0.279" /><testcase classname="tests.test_2026_07_15_data_integrity_remediation" name="test_data_identity_schema_rejects_malformed_source_before_any_restore[empty-source-format]" file="tests\test_2026_07_15_data_integrity_remediation.py" line="850" time="0.275" /><testcase classname="tests.test_2026_07_15_data_integrity_remediation" name="test_data_identity_schema_rejects_malformed_source_before_any_restore[empty-content-digest]" file="tests\test_2026_07_15_data_integrity_remediation.py" line="850" time="0.275" /><testcase classname="tests.test_2026_07_15_data_integrity_remediation" name="test_data_identity_schema_rejects_malformed_source_before_any_restore[inexact-binary-byte-identity]" file="tests\test_2026_07_15_data_integrity_remediation.py" line="850" time="0.277" /><testcase classname="tests.test_2026_07_15_data_integrity_remediation" name="test_data_identity_schema_rejects_malformed_source_before_any_restore[missing-iterator-contract]" file="tests\test_2026_07_15_data_integrity_remediation.py" line="850" time="0.278" /><testcase classname="tests.test_2026_07_15_data_integrity_remediation" name="test_data_identity_schema_rejects_malformed_source_before_any_restore[invalid-iterator-batch-size]" file="tests\test_2026_07_15_data_integrity_remediation.py" line="850" time="0.268" /><testcase classname="tests.test_2026_07_15_data_integrity_remediation" name="test_data_identity_schema_rejects_malformed_source_before_any_restore[invalid-iterator-drop-last]" file="tests\test_2026_07_15_data_integrity_remediation.py" line="850" time="0.271" /><testcase classname="tests.test_2026_07_15_data_integrity_remediation" name="test_data_identity_schema_rejects_malformed_source_before_any_restore[unsupported-iterator-sampler]" file="tests\test_2026_07_15_data_integrity_remediation.py" line="850" time="0.285" /><testcase classname="tests.test_2026_07_15_data_integrity_remediation" name="test_resume_rejects_every_data_identity_mismatch_before_rng_or_cursor_restore[dataset]" file="tests\test_2026_07_15_data_integrity_remediation.py" line="1008" time="0.267" /><testcase classname="tests.test_2026_07_15_data_integrity_remediation" name="test_resume_rejects_every_data_identity_mismatch_before_rng_or_cursor_restore[split]" file="tests\test_2026_07_15_data_integrity_remediation.py" line="1008" time="0.269" /><testcase classname="tests.test_2026_07_15_data_integrity_remediation" name="test_resume_rejects_every_data_identity_mismatch_before_rng_or_cursor_restore[top-level-tokenizer]" file="tests\test_2026_07_15_data_integrity_remediation.py" line="1008" time="0.266" /><testcase classname="tests.test_2026_07_15_data_integrity_remediation" name="test_resume_rejects_every_data_identity_mismatch_before_rng_or_cursor_restore[nested-source-tokenizer]" file="tests\test_2026_07_15_data_integrity_remediation.py" line="1008" time="0.274" /><testcase classname="tests.test_2026_07_15_data_integrity_remediation" name="test_resume_rejects_every_data_identity_mismatch_before_rng_or_cursor_restore[tokenizer-encoding]" file="tests\test_2026_07_15_data_integrity_remediation.py" line="1008" time="0.268" /><testcase classname="tests.test_2026_07_15_data_integrity_remediation" name="test_resume_rejects_every_data_identity_mismatch_before_rng_or_cursor_restore[tokenizer-vocabulary]" file="tests\test_2026_07_15_data_integrity_remediation.py" line="1008" time="0.273" /><testcase classname="tests.test_2026_07_15_data_integrity_remediation" name="test_resume_rejects_every_data_identity_mismatch_before_rng_or_cursor_restore[model-vocabulary]" file="tests\test_2026_07_15_data_integrity_remediation.py" line="1008" time="0.274" /><testcase classname="tests.test_2026_07_15_data_integrity_remediation" name="test_resume_rejects_every_data_identity_mismatch_before_rng_or_cursor_restore[max-tokens]" file="tests\test_2026_07_15_data_integrity_remediation.py" line="1008" time="0.279" /><testcase classname="tests.test_2026_07_15_data_integrity_remediation" name="test_resume_rejects_every_data_identity_mismatch_before_rng_or_cursor_restore[source-format]" file="tests\test_2026_07_15_data_integrity_remediation.py" line="1008" time="0.270" /><testcase classname="tests.test_2026_07_15_data_integrity_remediation" name="test_resume_rejects_every_data_identity_mismatch_before_rng_or_cursor_restore[source-size-and-byte-identity]" file="tests\test_2026_07_15_data_integrity_remediation.py" line="1008" time="0.269" /><testcase classname="tests.test_2026_07_15_data_integrity_remediation" name="test_resume_rejects_every_data_identity_mismatch_before_rng_or_cursor_restore[content-digest]" file="tests\test_2026_07_15_data_integrity_remediation.py" line="1008" time="0.272" /><testcase classname="tests.test_2026_07_15_data_integrity_remediation" name="test_resume_rejects_every_data_identity_mismatch_before_rng_or_cursor_restore[binary-metadata-extra]" file="tests\test_2026_07_15_data_integrity_remediation.py" line="1008" time="0.283" /><testcase classname="tests.test_2026_07_15_data_integrity_remediation" name="test_resume_rejects_every_data_identity_mismatch_before_rng_or_cursor_restore[binary-n-tokens]" file="tests\test_2026_07_15_data_integrity_remediation.py" line="1008" time="0.272" /><testcase classname="tests.test_2026_07_15_data_integrity_remediation" name="test_resume_rejects_every_data_identity_mismatch_before_rng_or_cursor_restore[binary-dtype]" file="tests\test_2026_07_15_data_integrity_remediation.py" line="1008" time="0.279" /><testcase classname="tests.test_2026_07_15_data_integrity_remediation" name="test_resume_rejects_every_data_identity_mismatch_before_rng_or_cursor_restore[metadata-digest]" file="tests\test_2026_07_15_data_integrity_remediation.py" line="1008" time="0.281" /><testcase classname="tests.test_2026_07_15_data_integrity_remediation" name="test_resume_rejects_every_data_identity_mismatch_before_rng_or_cursor_restore[iterator-sequence-length]" file="tests\test_2026_07_15_data_integrity_remediation.py" line="1008" time="0.276" /><testcase classname="tests.test_2026_07_15_data_integrity_remediation" name="test_resume_rejects_every_data_identity_mismatch_before_rng_or_cursor_restore[iterator-batch-size]" file="tests\test_2026_07_15_data_integrity_remediation.py" line="1008" time="0.275" /><testcase classname="tests.test_2026_07_15_data_integrity_remediation" name="test_resume_rejects_every_data_identity_mismatch_before_rng_or_cursor_restore[iterator-sampler]" file="tests\test_2026_07_15_data_integrity_remediation.py" line="1008" time="0.283" /><testcase classname="tests.test_2026_07_15_data_integrity_remediation" name="test_resume_rejects_cursor_without_identity_contract" file="tests\test_2026_07_15_data_integrity_remediation.py" line="1052" time="0.279" /><testcase classname="tests.test_2026_07_15_data_integrity_remediation" name="test_exact_resume_rejects_missing_data_state_before_any_mutation" file="tests\test_2026_07_15_data_integrity_remediation.py" line="1081" time="0.261" /><testcase classname="tests.test_2026_07_15_driver_reliability_remediation" name="test_same_second_run_directories_are_reserved_atomically" file="tests\test_2026_07_15_driver_reliability_remediation.py" line="51" time="0.002" /><testcase classname="tests.test_2026_07_15_driver_reliability_remediation" name="test_concurrent_json_publication_uses_unique_writer_temporaries" file="tests\test_2026_07_15_driver_reliability_remediation.py" line="65" time="0.150" /><testcase classname="tests.test_2026_07_15_driver_reliability_remediation" name="test_scaling_analysis_force_accept_code_identity_drift_is_narrow_and_auditable" file="tests\test_2026_07_15_driver_reliability_remediation.py" line="180" time="0.032" /><testcase classname="tests.test_2026_07_15_driver_reliability_remediation" name="test_scaling_analysis_force_accept_code_identity_drift_keeps_other_checks_closed[provenance.json-git_sha-other]" file="tests\test_2026_07_15_driver_reliability_remediation.py" line="204" time="0.011" /><testcase classname="tests.test_2026_07_15_driver_reliability_remediation" name="test_scaling_analysis_force_accept_code_identity_drift_keeps_other_checks_closed[provenance.json-seed-2]" file="tests\test_2026_07_15_driver_reliability_remediation.py" line="204" time="0.006" /><testcase classname="tests.test_2026_07_15_driver_reliability_remediation" name="test_scaling_analysis_force_accept_code_identity_drift_keeps_other_checks_closed[provenance.json-train_data_sha256-changed]" file="tests\test_2026_07_15_driver_reliability_remediation.py" line="204" time="0.007" /><testcase classname="tests.test_2026_07_15_driver_reliability_remediation" name="test_scaling_analysis_force_accept_code_identity_drift_keeps_other_checks_closed[summary.json-test_ppl-2.0]" file="tests\test_2026_07_15_driver_reliability_remediation.py" line="204" time="0.007" /><testcase classname="tests.test_2026_07_15_driver_reliability_remediation" name="test_scaling_analysis_force_accept_code_identity_drift_keeps_other_checks_closed[summary.json-scaling_reuse_contract_sha256-0000000000000000000000000000000000000000000000000000000000000000]" file="tests\test_2026_07_15_driver_reliability_remediation.py" line="204" time="0.006" /><testcase classname="tests.test_2026_07_15_driver_reliability_remediation" name="test_scaling_analysis_force_accept_code_identity_drift_rejects_config_corruption" file="tests\test_2026_07_15_driver_reliability_remediation.py" line="231" time="0.010" /><testcase classname="tests.test_2026_07_15_driver_reliability_remediation" name="test_scaling_analysis_forced_row_requires_matching_strict_source_anchor" file="tests\test_2026_07_15_driver_reliability_remediation.py" line="248" time="0.010" /><testcase classname="tests.test_2026_07_15_driver_reliability_remediation" name="test_scaling_requires_nonempty_unique_routes[routes0]" file="tests\test_2026_07_15_driver_reliability_remediation.py" line="293" time="0.000" /><testcase classname="tests.test_2026_07_15_driver_reliability_remediation" name="test_scaling_requires_nonempty_unique_routes[routes1]" file="tests\test_2026_07_15_driver_reliability_remediation.py" line="293" time="0.000" /><testcase classname="tests.test_2026_07_15_driver_reliability_remediation" name="test_scaling_requires_nonempty_unique_cell_labels[labels0]" file="tests\test_2026_07_15_driver_reliability_remediation.py" line="299" time="0.000" /><testcase classname="tests.test_2026_07_15_driver_reliability_remediation" name="test_scaling_requires_nonempty_unique_cell_labels[labels1]" file="tests\test_2026_07_15_driver_reliability_remediation.py" line="299" time="0.000" /><testcase classname="tests.test_2026_07_15_driver_reliability_remediation" name="test_scaling_rejects_unsafe_path_components_before_output_creation[.-route]" file="tests\test_2026_07_15_driver_reliability_remediation.py" line="314" time="0.001" /><testcase classname="tests.test_2026_07_15_driver_reliability_remediation" name="test_scaling_rejects_unsafe_path_components_before_output_creation[.-label]" file="tests\test_2026_07_15_driver_reliability_remediation.py" line="314" time="0.001" /><testcase classname="tests.test_2026_07_15_driver_reliability_remediation" name="test_scaling_rejects_unsafe_path_components_before_output_creation[..-route]" file="tests\test_2026_07_15_driver_reliability_remediation.py" line="314" time="0.001" /><testcase classname="tests.test_2026_07_15_driver_reliability_remediation" name="test_scaling_rejects_unsafe_path_components_before_output_creation[..-label]" file="tests\test_2026_07_15_driver_reliability_remediation.py" line="314" time="0.001" /><testcase classname="tests.test_2026_07_15_driver_reliability_remediation" name="test_scaling_rejects_unsafe_path_components_before_output_creation[../escape-route]" file="tests\test_2026_07_15_driver_reliability_remediation.py" line="314" time="0.001" /><testcase classname="tests.test_2026_07_15_driver_reliability_remediation" name="test_scaling_rejects_unsafe_path_components_before_output_creation[../escape-label]" file="tests\test_2026_07_15_driver_reliability_remediation.py" line="314" time="0.001" /><testcase classname="tests.test_2026_07_15_driver_reliability_remediation" name="test_scaling_rejects_unsafe_path_components_before_output_creation[..\\escape-route]" file="tests\test_2026_07_15_driver_reliability_remediation.py" line="314" time="0.001" /><testcase classname="tests.test_2026_07_15_driver_reliability_remediation" name="test_scaling_rejects_unsafe_path_components_before_output_creation[..\\escape-label]" file="tests\test_2026_07_15_driver_reliability_remediation.py" line="314" time="0.001" /><testcase classname="tests.test_2026_07_15_driver_reliability_remediation" name="test_scaling_rejects_unsafe_path_components_before_output_creation[nested/child-route]" file="tests\test_2026_07_15_driver_reliability_remediation.py" line="314" time="0.001" /><testcase classname="tests.test_2026_07_15_driver_reliability_remediation" name="test_scaling_rejects_unsafe_path_components_before_output_creation[nested/child-label]" file="tests\test_2026_07_15_driver_reliability_remediation.py" line="314" time="0.002" /><testcase classname="tests.test_2026_07_15_driver_reliability_remediation" name="test_scaling_rejects_unsafe_path_components_before_output_creation[nested\\child-route]" file="tests\test_2026_07_15_driver_reliability_remediation.py" line="314" time="0.001" /><testcase classname="tests.test_2026_07_15_driver_reliability_remediation" name="test_scaling_rejects_unsafe_path_components_before_output_creation[nested\\child-label]" file="tests\test_2026_07_15_driver_reliability_remediation.py" line="314" time="0.001" /><testcase classname="tests.test_2026_07_15_driver_reliability_remediation" name="test_scaling_rejects_unsafe_path_components_before_output_creation[/absolute-route]" file="tests\test_2026_07_15_driver_reliability_remediation.py" line="314" time="0.001" /><testcase classname="tests.test_2026_07_15_driver_reliability_remediation" name="test_scaling_rejects_unsafe_path_components_before_output_creation[/absolute-label]" file="tests\test_2026_07_15_driver_reliability_remediation.py" line="314" time="0.001" /><testcase classname="tests.test_2026_07_15_driver_reliability_remediation" name="test_scaling_rejects_unsafe_path_components_before_output_creation[\\absolute-route]" file="tests\test_2026_07_15_driver_reliability_remediation.py" line="314" time="0.001" /><testcase classname="tests.test_2026_07_15_driver_reliability_remediation" name="test_scaling_rejects_unsafe_path_components_before_output_creation[\\absolute-label]" file="tests\test_2026_07_15_driver_reliability_remediation.py" line="314" time="0.001" /><testcase classname="tests.test_2026_07_15_driver_reliability_remediation" name="test_scaling_rejects_unsafe_path_components_before_output_creation[C:\\absolute-route]" file="tests\test_2026_07_15_driver_reliability_remediation.py" line="314" time="0.001" /><testcase classname="tests.test_2026_07_15_driver_reliability_remediation" name="test_scaling_rejects_unsafe_path_components_before_output_creation[C:\\absolute-label]" file="tests\test_2026_07_15_driver_reliability_remediation.py" line="314" time="0.001" /><testcase classname="tests.test_2026_07_15_driver_reliability_remediation" name="test_scaling_rejects_unsafe_path_components_before_output_creation[C:drive-relative-route]" file="tests\test_2026_07_15_driver_reliability_remediation.py" line="314" time="0.001" /><testcase classname="tests.test_2026_07_15_driver_reliability_remediation" name="test_scaling_rejects_unsafe_path_components_before_output_creation[C:drive-relative-label]" file="tests\test_2026_07_15_driver_reliability_remediation.py" line="314" time="0.001" /><testcase classname="tests.test_2026_07_15_driver_reliability_remediation" name="test_scaling_rejects_unsafe_path_components_before_output_creation[\\\\server\\share-route]" file="tests\test_2026_07_15_driver_reliability_remediation.py" line="314" time="0.001" /><testcase classname="tests.test_2026_07_15_driver_reliability_remediation" name="test_scaling_rejects_unsafe_path_components_before_output_creation[\\\\server\\share-label]" file="tests\test_2026_07_15_driver_reliability_remediation.py" line="314" time="0.001" /><testcase classname="tests.test_2026_07_15_driver_reliability_remediation" name="test_scaling_rejects_unsafe_path_components_before_output_creation[trailing.-route]" file="tests\test_2026_07_15_driver_reliability_remediation.py" line="314" time="0.001" /><testcase classname="tests.test_2026_07_15_driver_reliability_remediation" name="test_scaling_rejects_unsafe_path_components_before_output_creation[trailing.-label]" file="tests\test_2026_07_15_driver_reliability_remediation.py" line="314" time="0.001" /><testcase classname="tests.test_2026_07_15_driver_reliability_remediation" name="test_scaling_rejects_unsafe_path_components_before_output_creation[trailing -route]" file="tests\test_2026_07_15_driver_reliability_remediation.py" line="314" time="0.001" /><testcase classname="tests.test_2026_07_15_driver_reliability_remediation" name="test_scaling_rejects_unsafe_path_components_before_output_creation[trailing -label]" file="tests\test_2026_07_15_driver_reliability_remediation.py" line="314" time="0.001" /><testcase classname="tests.test_2026_07_15_driver_reliability_remediation" name="test_scaling_rejects_unsafe_path_components_before_output_creation[   -route]" file="tests\test_2026_07_15_driver_reliability_remediation.py" line="314" time="0.002" /><testcase classname="tests.test_2026_07_15_driver_reliability_remediation" name="test_scaling_rejects_unsafe_path_components_before_output_creation[   -label]" file="tests\test_2026_07_15_driver_reliability_remediation.py" line="314" time="0.001" /><testcase classname="tests.test_2026_07_15_driver_reliability_remediation" name="test_scaling_rejects_unsafe_path_components_before_output_creation[NUL-route]" file="tests\test_2026_07_15_driver_reliability_remediation.py" line="314" time="0.001" /><testcase classname="tests.test_2026_07_15_driver_reliability_remediation" name="test_scaling_rejects_unsafe_path_components_before_output_creation[NUL-label]" file="tests\test_2026_07_15_driver_reliability_remediation.py" line="314" time="0.001" /><testcase classname="tests.test_2026_07_15_driver_reliability_remediation" name="test_scaling_rejects_unsafe_path_components_before_output_creation[CONIN$-route]" file="tests\test_2026_07_15_driver_reliability_remediation.py" line="314" time="0.001" /><testcase classname="tests.test_2026_07_15_driver_reliability_remediation" name="test_scaling_rejects_unsafe_path_components_before_output_creation[CONIN$-label]" file="tests\test_2026_07_15_driver_reliability_remediation.py" line="314" time="0.001" /><testcase classname="tests.test_2026_07_15_driver_reliability_remediation" name="test_scaling_rejects_unsafe_path_components_before_output_creation[CONOUT$-route]" file="tests\test_2026_07_15_driver_reliability_remediation.py" line="314" time="0.001" /><testcase classname="tests.test_2026_07_15_driver_reliability_remediation" name="test_scaling_rejects_unsafe_path_components_before_output_creation[CONOUT$-label]" file="tests\test_2026_07_15_driver_reliability_remediation.py" line="314" time="0.001" /><testcase classname="tests.test_2026_07_15_driver_reliability_remediation" name="test_scaling_rejects_unsafe_path_components_before_output_creation[CLOCK$-route]" file="tests\test_2026_07_15_driver_reliability_remediation.py" line="314" time="0.001" /><testcase classname="tests.test_2026_07_15_driver_reliability_remediation" name="test_scaling_rejects_unsafe_path_components_before_output_creation[CLOCK$-label]" file="tests\test_2026_07_15_driver_reliability_remediation.py" line="314" time="0.001" /><testcase classname="tests.test_2026_07_15_driver_reliability_remediation" name="test_scaling_rejects_unsafe_path_components_before_output_creation[xxxxxxxxxxxxxxxxxxxxxxxxxxxxxxxxxxxxxxxxxxxxxxxxxxxxxxxxxxxxxxxxxxxxxxxxxxxxxxxxxxxxxxxxxxxxxxxxxxxxxxxxxxxxxxxxxxxxxxxxxxxxxxxxxxxxxxxxxxxxxxxxxxxxxxxxxxxxxxxxxxxxxxxxxxxxxxxxxxxxxxxxxxxxxxxxxxxxxxxxxxxxxxxxxxxxxxxxxxxxxxxxxxxxxxxxxxxxxxxxxxxxxxxxxxxxxxxx-route]" file="tests\test_2026_07_15_driver_reliability_remediation.py" line="314" time="0.001" /><testcase classname="tests.test_2026_07_15_driver_reliability_remediation" name="test_scaling_rejects_unsafe_path_components_before_output_creation[xxxxxxxxxxxxxxxxxxxxxxxxxxxxxxxxxxxxxxxxxxxxxxxxxxxxxxxxxxxxxxxxxxxxxxxxxxxxxxxxxxxxxxxxxxxxxxxxxxxxxxxxxxxxxxxxxxxxxxxxxxxxxxxxxxxxxxxxxxxxxxxxxxxxxxxxxxxxxxxxxxxxxxxxxxxxxxxxxxxxxxxxxxxxxxxxxxxxxxxxxxxxxxxxxxxxxxxxxxxxxxxxxxxxxxxxxxxxxxxxxxxxxxxxxxxxxxxx-label]" file="tests\test_2026_07_15_driver_reliability_remediation.py" line="314" time="0.002" /><testcase classname="tests.test_2026_07_15_driver_reliability_remediation" name="test_scaling_rejects_unsafe_path_components_before_output_creation[\U0001f642\U0001f642\U0001f642\U0001f642\U0001f642\U0001f642\U0001f642\U0001f642\U0001f642\U0001f642\U0001f642\U0001f642\U0001f642\U0001f642\U0001f642\U0001f642\U0001f642\U0001f642\U0001f642\U0001f642\U0001f642\U0001f642\U0001f642\U0001f642\U0001f642\U0001f642\U0001f642\U0001f642\U0001f642\U0001f642\U0001f642\U0001f642\U0001f642\U0001f642\U0001f642\U0001f642\U0001f642\U0001f642\U0001f642\U0001f642\U0001f642\U0001f642\U0001f642\U0001f642\U0001f642\U0001f642\U0001f642\U0001f642\U0001f642\U0001f642\U0001f642\U0001f642\U0001f642\U0001f642\U0001f642\U0001f642\U0001f642\U0001f642\U0001f642\U0001f642\U0001f642\U0001f642\U0001f642\U0001f642\U0001f642\U0001f642\U0001f642\U0001f642\U0001f642\U0001f642\U0001f642\U0001f642\U0001f642\U0001f642\U0001f642\U0001f642\U0001f642\U0001f642\U0001f642\U0001f642\U0001f642\U0001f642\U0001f642\U0001f642\U0001f642\U0001f642\U0001f642\U0001f642\U0001f642\U0001f642\U0001f642\U0001f642\U0001f642\U0001f642\U0001f642\U0001f642\U0001f642\U0001f642\U0001f642\U0001f642-route]" file="tests\test_2026_07_15_driver_reliability_remediation.py" line="314" time="0.001" /><testcase classname="tests.test_2026_07_15_driver_reliability_remediation" name="test_scaling_rejects_unsafe_path_components_before_output_creation[\U0001f642\U0001f642\U0001f642\U0001f642\U0001f642\U0001f642\U0001f642\U0001f642\U0001f642\U0001f642\U0001f642\U0001f642\U0001f642\U0001f642\U0001f642\U0001f642\U0001f642\U0001f642\U0001f642\U0001f642\U0001f642\U0001f642\U0001f642\U0001f642\U0001f642\U0001f642\U0001f642\U0001f642\U0001f642\U0001f642\U0001f642\U0001f642\U0001f642\U0001f642\U0001f642\U0001f642\U0001f642\U0001f642\U0001f642\U0001f642\U0001f642\U0001f642\U0001f642\U0001f642\U0001f642\U0001f642\U0001f642\U0001f642\U0001f642\U0001f642\U0001f642\U0001f642\U0001f642\U0001f642\U0001f642\U0001f642\U0001f642\U0001f642\U0001f642\U0001f642\U0001f642\U0001f642\U0001f642\U0001f642\U0001f642\U0001f642\U0001f642\U0001f642\U0001f642\U0001f642\U0001f642\U0001f642\U0001f642\U0001f642\U0001f642\U0001f642\U0001f642\U0001f642\U0001f642\U0001f642\U0001f642\U0001f642\U0001f642\U0001f642\U0001f642\U0001f642\U0001f642\U0001f642\U0001f642\U0001f642\U0001f642\U0001f642\U0001f642\U0001f642\U0001f642\U0001f642\U0001f642\U0001f642\U0001f642\U0001f642-label]" file="tests\test_2026_07_15_driver_reliability_remediation.py" line="314" time="0.001" /><testcase classname="tests.test_2026_07_15_driver_reliability_remediation" name="test_scaling_rejects_unsafe_path_components_before_output_creation[COM\xb9-route]" file="tests\test_2026_07_15_driver_reliability_remediation.py" line="314" time="0.001" /><testcase classname="tests.test_2026_07_15_driver_reliability_remediation" name="test_scaling_rejects_unsafe_path_components_before_output_creation[COM\xb9-label]" file="tests\test_2026_07_15_driver_reliability_remediation.py" line="314" time="0.001" /><testcase classname="tests.test_2026_07_15_driver_reliability_remediation" name="test_scaling_rejects_unsafe_path_components_before_output_creation[LPT\xb3.txt-route]" file="tests\test_2026_07_15_driver_reliability_remediation.py" line="314" time="0.001" /><testcase classname="tests.test_2026_07_15_driver_reliability_remediation" name="test_scaling_rejects_unsafe_path_components_before_output_creation[LPT\xb3.txt-label]" file="tests\test_2026_07_15_driver_reliability_remediation.py" line="314" time="0.001" /><testcase classname="tests.test_2026_07_15_driver_reliability_remediation" name="test_scaling_analysis_portably_rejects_windows_devices[CONIN$]" file="tests\test_2026_07_15_driver_reliability_remediation.py" line="361" time="0.000" /><testcase classname="tests.test_2026_07_15_driver_reliability_remediation" name="test_scaling_analysis_portably_rejects_windows_devices[CONOUT$]" file="tests\test_2026_07_15_driver_reliability_remediation.py" line="361" time="0.000" /><testcase classname="tests.test_2026_07_15_driver_reliability_remediation" name="test_scaling_analysis_portably_rejects_windows_devices[CLOCK$]" file="tests\test_2026_07_15_driver_reliability_remediation.py" line="361" time="0.000" /><testcase classname="tests.test_2026_07_15_driver_reliability_remediation" name="test_scaling_analysis_portably_rejects_windows_devices[COM\xb9]" file="tests\test_2026_07_15_driver_reliability_remediation.py" line="361" time="0.000" /><testcase classname="tests.test_2026_07_15_driver_reliability_remediation" name="test_scaling_analysis_portably_rejects_windows_devices[LPT\xb3.txt]" file="tests\test_2026_07_15_driver_reliability_remediation.py" line="361" time="0.000" /><testcase classname="tests.test_2026_07_15_driver_reliability_remediation" name="test_scaling_rejects_casefold_path_aliases_before_output_creation[route]" file="tests\test_2026_07_15_driver_reliability_remediation.py" line="366" time="0.001" /><testcase classname="tests.test_2026_07_15_driver_reliability_remediation" name="test_scaling_rejects_casefold_path_aliases_before_output_creation[label]" file="tests\test_2026_07_15_driver_reliability_remediation.py" line="366" time="0.001" /><testcase classname="tests.test_2026_07_15_driver_reliability_remediation" name="test_scaling_declared_route_and_label_components_remain_valid" file="tests\test_2026_07_15_driver_reliability_remediation.py" line="394" time="0.000" /><testcase classname="tests.test_2026_07_15_driver_reliability_remediation" name="test_scaling_analysis_refuses_survivor_only_fit_for_incomplete_design" file="tests\test_2026_07_15_driver_reliability_remediation.py" line="400" time="0.018" /><testcase classname="tests.test_2026_07_15_driver_reliability_remediation" name="test_scaling_analysis_forced_code_identity_design_includes_all_nine_runs" file="tests\test_2026_07_15_driver_reliability_remediation.py" line="443" time="0.111" /><testcase classname="tests.test_2026_07_15_driver_reliability_remediation" name="test_scaling_analysis_force_does_not_complete_an_unrelated_manifest_error" file="tests\test_2026_07_15_driver_reliability_remediation.py" line="511" time="0.015" /><testcase classname="tests.test_2026_07_15_driver_reliability_remediation" name="test_scaling_analysis_withholds_all_fit_inputs_for_unfinished_or_malformed_manifest[missing]" file="tests\test_2026_07_15_driver_reliability_remediation.py" line="535" time="0.016" /><testcase classname="tests.test_2026_07_15_driver_reliability_remediation" name="test_scaling_analysis_withholds_all_fit_inputs_for_unfinished_or_malformed_manifest[pending]" file="tests\test_2026_07_15_driver_reliability_remediation.py" line="535" time="0.016" /><testcase classname="tests.test_2026_07_15_driver_reliability_remediation" name="test_scaling_analysis_withholds_all_fit_inputs_for_unfinished_or_malformed_manifest[running]" file="tests\test_2026_07_15_driver_reliability_remediation.py" line="535" time="0.017" /><testcase classname="tests.test_2026_07_15_driver_reliability_remediation" name="test_scaling_analysis_withholds_all_fit_inputs_for_unfinished_or_malformed_manifest[incomplete]" file="tests\test_2026_07_15_driver_reliability_remediation.py" line="535" time="0.017" /><testcase classname="tests.test_2026_07_15_driver_reliability_remediation" name="test_scaling_analysis_withholds_all_fit_inputs_for_unfinished_or_malformed_manifest[failed]" file="tests\test_2026_07_15_driver_reliability_remediation.py" line="535" time="0.020" /><testcase classname="tests.test_2026_07_15_driver_reliability_remediation" name="test_scaling_analysis_withholds_all_fit_inputs_for_unfinished_or_malformed_manifest[unverifiable]" file="tests\test_2026_07_15_driver_reliability_remediation.py" line="535" time="0.020" /><testcase classname="tests.test_2026_07_15_driver_reliability_remediation" name="test_scaling_analysis_withholds_all_fit_inputs_for_unfinished_or_malformed_manifest[missing_status]" file="tests\test_2026_07_15_driver_reliability_remediation.py" line="535" time="0.015" /><testcase classname="tests.test_2026_07_15_driver_reliability_remediation" name="test_scaling_analysis_withholds_all_fit_inputs_for_unfinished_or_malformed_manifest[missing_routes]" file="tests\test_2026_07_15_driver_reliability_remediation.py" line="535" time="0.016" /><testcase classname="tests.test_2026_07_15_driver_reliability_remediation" name="test_scaling_analysis_withholds_all_fit_inputs_for_unfinished_or_malformed_manifest[missing_seeds]" file="tests\test_2026_07_15_driver_reliability_remediation.py" line="535" time="0.022" /><testcase classname="tests.test_2026_07_15_driver_reliability_remediation" name="test_scaling_analysis_withholds_all_fit_inputs_for_unfinished_or_malformed_manifest[missing_cells]" file="tests\test_2026_07_15_driver_reliability_remediation.py" line="535" time="0.017" /><testcase classname="tests.test_2026_07_15_driver_reliability_remediation" name="test_scaling_analysis_withholds_all_fit_inputs_for_unfinished_or_malformed_manifest[missing_cell_status]" file="tests\test_2026_07_15_driver_reliability_remediation.py" line="535" time="0.017" /><testcase classname="tests.test_2026_07_15_driver_reliability_remediation" name="test_scaling_analysis_withholds_all_fit_inputs_for_unfinished_or_malformed_manifest[missing_cell_route]" file="tests\test_2026_07_15_driver_reliability_remediation.py" line="535" time="0.020" /><testcase classname="tests.test_2026_07_15_driver_reliability_remediation" name="test_scaling_analysis_withholds_all_fit_inputs_for_unfinished_or_malformed_manifest[missing_cell_label]" file="tests\test_2026_07_15_driver_reliability_remediation.py" line="535" time="0.020" /><testcase classname="tests.test_2026_07_15_driver_reliability_remediation" name="test_scaling_analysis_withholds_all_fit_inputs_for_unfinished_or_malformed_manifest[missing_cell_seed]" file="tests\test_2026_07_15_driver_reliability_remediation.py" line="535" time="0.021" /><testcase classname="tests.test_2026_07_15_driver_reliability_remediation" name="test_scaling_analysis_withholds_all_fit_inputs_for_unfinished_or_malformed_manifest[duplicate_cell]" file="tests\test_2026_07_15_driver_reliability_remediation.py" line="535" time="0.022" /><testcase classname="tests.test_2026_07_15_driver_reliability_remediation" name="test_scaling_analysis_withholds_all_fit_inputs_for_unfinished_or_malformed_manifest[bad_schema]" file="tests\test_2026_07_15_driver_reliability_remediation.py" line="535" time="0.017" /><testcase classname="tests.test_2026_07_15_driver_reliability_remediation" name="test_scaling_design_accepts_only_explicit_success_terminal_statuses[complete]" file="tests\test_2026_07_15_driver_reliability_remediation.py" line="606" time="0.010" /><testcase classname="tests.test_2026_07_15_driver_reliability_remediation" name="test_scaling_design_accepts_only_explicit_success_terminal_statuses[success]" file="tests\test_2026_07_15_driver_reliability_remediation.py" line="606" time="0.012" /><testcase classname="tests.test_2026_07_15_driver_reliability_remediation" name="test_scaling_analysis_rejects_nonexact_or_negative_request_seed[True]" file="tests\test_2026_07_15_driver_reliability_remediation.py" line="622" time="0.002" /><testcase classname="tests.test_2026_07_15_driver_reliability_remediation" name="test_scaling_analysis_rejects_nonexact_or_negative_request_seed[1.5]" file="tests\test_2026_07_15_driver_reliability_remediation.py" line="622" time="0.002" /><testcase classname="tests.test_2026_07_15_driver_reliability_remediation" name="test_scaling_analysis_rejects_nonexact_or_negative_request_seed[1]" file="tests\test_2026_07_15_driver_reliability_remediation.py" line="622" time="0.002" /><testcase classname="tests.test_2026_07_15_driver_reliability_remediation" name="test_scaling_analysis_rejects_nonexact_or_negative_request_seed[-1]" file="tests\test_2026_07_15_driver_reliability_remediation.py" line="622" time="0.002" /><testcase classname="tests.test_2026_07_15_driver_reliability_remediation" name="test_scaling_analysis_rejects_integer_enum_request_seed" file="tests\test_2026_07_15_driver_reliability_remediation.py" line="640" time="0.002" /><testcase classname="tests.test_2026_07_15_driver_reliability_remediation" name="test_scaling_analysis_rejects_integer_enum_request_cell_seed" file="tests\test_2026_07_15_driver_reliability_remediation.py" line="655" time="0.002" /><testcase classname="tests.test_2026_07_15_driver_reliability_remediation" name="test_scaling_analysis_does_not_coerce_observed_join_identity[route-bad_value0]" file="tests\test_2026_07_15_driver_reliability_remediation.py" line="681" time="0.003" /><testcase classname="tests.test_2026_07_15_driver_reliability_remediation" name="test_scaling_analysis_does_not_coerce_observed_join_identity[route-route]" file="tests\test_2026_07_15_driver_reliability_remediation.py" line="681" time="0.003" /><testcase classname="tests.test_2026_07_15_driver_reliability_remediation" name="test_scaling_analysis_does_not_coerce_observed_join_identity[route-]" file="tests\test_2026_07_15_driver_reliability_remediation.py" line="681" time="0.003" /><testcase classname="tests.test_2026_07_15_driver_reliability_remediation" name="test_scaling_analysis_does_not_coerce_observed_join_identity[label-bad_value3]" file="tests\test_2026_07_15_driver_reliability_remediation.py" line="681" time="0.003" /><testcase classname="tests.test_2026_07_15_driver_reliability_remediation" name="test_scaling_analysis_does_not_coerce_observed_join_identity[label-small]" file="tests\test_2026_07_15_driver_reliability_remediation.py" line="681" time="0.003" /><testcase classname="tests.test_2026_07_15_driver_reliability_remediation" name="test_scaling_analysis_does_not_coerce_observed_join_identity[label-]" file="tests\test_2026_07_15_driver_reliability_remediation.py" line="681" time="0.003" /><testcase classname="tests.test_2026_07_15_driver_reliability_remediation" name="test_scaling_analysis_does_not_coerce_observed_join_identity[seed-True]" file="tests\test_2026_07_15_driver_reliability_remediation.py" line="681" time="0.003" /><testcase classname="tests.test_2026_07_15_driver_reliability_remediation" name="test_scaling_analysis_does_not_coerce_observed_join_identity[seed-1.5]" file="tests\test_2026_07_15_driver_reliability_remediation.py" line="681" time="0.003" /><testcase classname="tests.test_2026_07_15_driver_reliability_remediation" name="test_scaling_analysis_does_not_coerce_observed_join_identity[seed-1]" file="tests\test_2026_07_15_driver_reliability_remediation.py" line="681" time="0.003" /><testcase classname="tests.test_2026_07_15_driver_reliability_remediation" name="test_scaling_analysis_does_not_coerce_observed_join_identity[seed--1]" file="tests\test_2026_07_15_driver_reliability_remediation.py" line="681" time="0.003" /><testcase classname="tests.test_2026_07_15_driver_reliability_remediation" name="test_scaling_analysis_rejects_integer_enum_observed_seed" file="tests\test_2026_07_15_driver_reliability_remediation.py" line="719" time="0.003" /><testcase classname="tests.test_2026_07_15_driver_reliability_remediation" name="test_scaling_analysis_uses_root_manifest_for_explicit_route_subdirectory" file="tests\test_2026_07_15_driver_reliability_remediation.py" line="742" time="0.025" /><testcase classname="tests.test_2026_07_15_driver_reliability_remediation" name="test_scaling_analysis_parent_manifest_selects_only_requested_route_cells" file="tests\test_2026_07_15_driver_reliability_remediation.py" line="770" time="0.022" /><testcase classname="tests.test_2026_07_15_driver_reliability_remediation" name="test_scaling_analysis_checked_in_default_reads_scaling_default_output_root" file="tests\test_2026_07_15_driver_reliability_remediation.py" line="812" time="0.014" /><testcase classname="tests.test_2026_07_15_driver_reliability_remediation" name="test_multiseed_analysis_exposes_missing_and_nonfinite_requested_seeds" file="tests\test_2026_07_15_driver_reliability_remediation.py" line="889" time="0.026" /><testcase classname="tests.test_2026_07_15_driver_reliability_remediation" name="test_multiseed_launch_persists_failed_cell_status" file="tests\test_2026_07_15_driver_reliability_remediation.py" line="936" time="0.012" /><testcase classname="tests.test_2026_07_15_driver_reliability_remediation" name="test_multiseed_launch_is_running_before_first_seed_starts" file="tests\test_2026_07_15_driver_reliability_remediation.py" line="963" time="0.012" /><testcase classname="tests.test_2026_07_15_driver_reliability_remediation" name="test_multiseed_withholds_curves_layers_and_main_publication_for_bad_requested_seed[missing]" file="tests\test_2026_07_15_driver_reliability_remediation.py" line="996" time="0.015" /><testcase classname="tests.test_2026_07_15_driver_reliability_remediation" name="test_multiseed_withholds_curves_layers_and_main_publication_for_bad_requested_seed[failed]" file="tests\test_2026_07_15_driver_reliability_remediation.py" line="996" time="0.018" /><testcase classname="tests.test_2026_07_15_driver_reliability_remediation" name="test_multiseed_withholds_curves_layers_and_main_publication_for_bad_requested_seed[unreadable]" file="tests\test_2026_07_15_driver_reliability_remediation.py" line="996" time="0.028" /><testcase classname="tests.test_2026_07_15_driver_reliability_remediation" name="test_multiseed_withholds_curves_layers_and_main_publication_for_bad_requested_seed[nonfinite]" file="tests\test_2026_07_15_driver_reliability_remediation.py" line="996" time="0.024" /><testcase classname="tests.test_2026_07_15_driver_reliability_remediation" name="test_multiseed_main_returns_nonzero_for_empty_unrequested_design" file="tests\test_2026_07_15_driver_reliability_remediation.py" line="1045" time="0.001" /><testcase classname="tests.test_2026_07_15_driver_reliability_remediation" name="test_controlled_figure_survives_sidecar_failure_and_reports_both_artifacts" file="tests\test_2026_07_15_driver_reliability_remediation.py" line="1079" time="0.562" /><testcase classname="tests.test_2026_07_15_driver_reliability_remediation" name="test_controlled_figure_rejects_figure_sidecar_alias_before_publication" file="tests\test_2026_07_15_driver_reliability_remediation.py" line="1127" time="0.003" /><testcase classname="tests.test_2026_07_15_driver_reliability_remediation" name="test_atomic_figure_save_preserves_suffixless_default_format" file="tests\test_2026_07_15_driver_reliability_remediation.py" line="1146" time="0.019" /><testcase classname="tests.test_2026_07_15_driver_reliability_remediation" name="test_cross_run_figure_survives_sidecar_failure_and_reports_both_artifacts" file="tests\test_2026_07_15_driver_reliability_remediation.py" line="1156" time="0.028" /><testcase classname="tests.test_2026_07_15_driver_reliability_remediation" name="test_cross_run_comparison_rejects_destructive_path_aliases[outputs]" file="tests\test_2026_07_15_driver_reliability_remediation.py" line="1195" time="0.002" /><testcase classname="tests.test_2026_07_15_driver_reliability_remediation" name="test_cross_run_comparison_rejects_destructive_path_aliases[json_input]" file="tests\test_2026_07_15_driver_reliability_remediation.py" line="1195" time="0.002" /><testcase classname="tests.test_2026_07_15_driver_reliability_remediation" name="test_cross_run_comparison_rejects_destructive_path_aliases[figure_input]" file="tests\test_2026_07_15_driver_reliability_remediation.py" line="1195" time="0.002" /><testcase classname="tests.test_2026_07_15_driver_reliability_remediation" name="test_multiseed_request_count_must_be_positive[0]" file="tests\test_2026_07_15_driver_reliability_remediation.py" line="1227" time="0.000" /><testcase classname="tests.test_2026_07_15_driver_reliability_remediation" name="test_multiseed_request_count_must_be_positive[-1]" file="tests\test_2026_07_15_driver_reliability_remediation.py" line="1227" time="0.000" /><testcase classname="tests.test_2026_07_15_driver_reliability_remediation" name="test_multiseed_request_seeds_must_be_unique" file="tests\test_2026_07_15_driver_reliability_remediation.py" line="1233" time="0.000" /><testcase classname="tests.test_2026_07_15_driver_reliability_remediation" name="test_multiseed_request_rejects_coercible_or_negative_seeds[True]" file="tests\test_2026_07_15_driver_reliability_remediation.py" line="1238" time="0.000" /><testcase classname="tests.test_2026_07_15_driver_reliability_remediation" name="test_multiseed_request_rejects_coercible_or_negative_seeds[1.5]" file="tests\test_2026_07_15_driver_reliability_remediation.py" line="1238" time="0.000" /><testcase classname="tests.test_2026_07_15_driver_reliability_remediation" name="test_multiseed_request_rejects_coercible_or_negative_seeds[1]" file="tests\test_2026_07_15_driver_reliability_remediation.py" line="1238" time="0.000" /><testcase classname="tests.test_2026_07_15_driver_reliability_remediation" name="test_multiseed_request_rejects_coercible_or_negative_seeds[-1]" file="tests\test_2026_07_15_driver_reliability_remediation.py" line="1238" time="0.000" /><testcase classname="tests.test_2026_07_15_driver_reliability_remediation" name="test_single_run_config_rejects_coercible_or_negative_seed[True]" file="tests\test_2026_07_15_driver_reliability_remediation.py" line="1244" time="0.000" /><testcase classname="tests.test_2026_07_15_driver_reliability_remediation" name="test_single_run_config_rejects_coercible_or_negative_seed[1.5]" file="tests\test_2026_07_15_driver_reliability_remediation.py" line="1244" time="0.000" /><testcase classname="tests.test_2026_07_15_driver_reliability_remediation" name="test_single_run_config_rejects_coercible_or_negative_seed[1]" file="tests\test_2026_07_15_driver_reliability_remediation.py" line="1244" time="0.000" /><testcase classname="tests.test_2026_07_15_driver_reliability_remediation" name="test_single_run_config_rejects_coercible_or_negative_seed[-1]" file="tests\test_2026_07_15_driver_reliability_remediation.py" line="1244" time="0.000" /><testcase classname="tests.test_2026_07_15_driver_reliability_remediation" name="test_train_loader_rejects_invalid_data_seed_before_cache_access[True]" file="tests\test_2026_07_15_driver_reliability_remediation.py" line="1250" time="0.000" /><testcase classname="tests.test_2026_07_15_driver_reliability_remediation" name="test_train_loader_rejects_invalid_data_seed_before_cache_access[1.5]" file="tests\test_2026_07_15_driver_reliability_remediation.py" line="1250" time="0.000" /><testcase classname="tests.test_2026_07_15_driver_reliability_remediation" name="test_train_loader_rejects_invalid_data_seed_before_cache_access[7]" file="tests\test_2026_07_15_driver_reliability_remediation.py" line="1250" time="0.000" /><testcase classname="tests.test_2026_07_15_driver_reliability_remediation" name="test_train_loader_rejects_invalid_data_seed_before_cache_access[-1]" file="tests\test_2026_07_15_driver_reliability_remediation.py" line="1250" time="0.000" /><testcase classname="tests.test_2026_07_15_driver_reliability_remediation" name="test_ablation_rejects_invalid_data_seed_before_output_or_cache[True]" file="tests\test_2026_07_15_driver_reliability_remediation.py" line="1263" time="0.001" /><testcase classname="tests.test_2026_07_15_driver_reliability_remediation" name="test_ablation_rejects_invalid_data_seed_before_output_or_cache[1.5]" file="tests\test_2026_07_15_driver_reliability_remediation.py" line="1263" time="0.001" /><testcase classname="tests.test_2026_07_15_driver_reliability_remediation" name="test_ablation_rejects_invalid_data_seed_before_output_or_cache[7]" file="tests\test_2026_07_15_driver_reliability_remediation.py" line="1263" time="0.001" /><testcase classname="tests.test_2026_07_15_driver_reliability_remediation" name="test_ablation_rejects_invalid_data_seed_before_output_or_cache[-1]" file="tests\test_2026_07_15_driver_reliability_remediation.py" line="1263" time="0.001" /><testcase classname="tests.test_2026_07_15_driver_reliability_remediation" name="test_scaling_loader_rejects_invalid_data_seed_before_cache_access[True]" file="tests\test_2026_07_15_driver_reliability_remediation.py" line="1286" time="0.000" /><testcase classname="tests.test_2026_07_15_driver_reliability_remediation" name="test_scaling_loader_rejects_invalid_data_seed_before_cache_access[1.5]" file="tests\test_2026_07_15_driver_reliability_remediation.py" line="1286" time="0.000" /><testcase classname="tests.test_2026_07_15_driver_reliability_remediation" name="test_scaling_loader_rejects_invalid_data_seed_before_cache_access[7]" file="tests\test_2026_07_15_driver_reliability_remediation.py" line="1286" time="0.000" /><testcase classname="tests.test_2026_07_15_driver_reliability_remediation" name="test_scaling_loader_rejects_invalid_data_seed_before_cache_access[-1]" file="tests\test_2026_07_15_driver_reliability_remediation.py" line="1286" time="0.000" /><testcase classname="tests.test_2026_07_15_driver_reliability_remediation" name="test_visualization_extra_declares_direct_networkx_dependency" file="tests\test_2026_07_15_driver_reliability_remediation.py" line="1298" time="0.000" /><testcase classname="tests.test_2026_07_15_driver_reliability_remediation" name="test_entry_points_do_not_mutate_openmp_compatibility_by_default" file="tests\test_2026_07_15_driver_reliability_remediation.py" line="1335" time="1.552" /><testcase classname="tests.test_2026_07_15_driver_reliability_remediation" name="test_entry_points_offer_explicit_openmp_compatibility_opt_in" file="tests\test_2026_07_15_driver_reliability_remediation.py" line="1341" time="1.541" /><testcase classname="tests.test_2026_07_15_driver_reliability_remediation" name="test_scaling_failure_is_persisted_and_returns_nonzero_without_success_banner" file="tests\test_2026_07_15_driver_reliability_remediation.py" line="1361" time="0.268" /><testcase classname="tests.test_2026_07_15_driver_reliability_remediation" name="test_scaling_completion_requires_a_complete_semantic_result[n_params-True]" file="tests\test_2026_07_15_driver_reliability_remediation.py" line="1409" time="0.000" /><testcase classname="tests.test_2026_07_15_driver_reliability_remediation" name="test_scaling_completion_requires_a_complete_semantic_result[n_params-0]" file="tests\test_2026_07_15_driver_reliability_remediation.py" line="1409" time="0.000" /><testcase classname="tests.test_2026_07_15_driver_reliability_remediation" name="test_scaling_completion_requires_a_complete_semantic_result[n_params-10.0]" file="tests\test_2026_07_15_driver_reliability_remediation.py" line="1409" time="0.000" /><testcase classname="tests.test_2026_07_15_driver_reliability_remediation" name="test_scaling_completion_requires_a_complete_semantic_result[test_ppl-None]" file="tests\test_2026_07_15_driver_reliability_remediation.py" line="1409" time="0.000" /><testcase classname="tests.test_2026_07_15_driver_reliability_remediation" name="test_scaling_completion_requires_a_complete_semantic_result[test_ppl-nan]" file="tests\test_2026_07_15_driver_reliability_remediation.py" line="1409" time="0.000" /><testcase classname="tests.test_2026_07_15_driver_reliability_remediation" name="test_scaling_completion_requires_a_complete_semantic_result[test_ppl-0.0]" file="tests\test_2026_07_15_driver_reliability_remediation.py" line="1409" time="0.000" /><testcase classname="tests.test_2026_07_15_driver_reliability_remediation" name="test_scaling_completion_requires_a_complete_semantic_result[test_bits_per_token-None]" file="tests\test_2026_07_15_driver_reliability_remediation.py" line="1409" time="0.000" /><testcase classname="tests.test_2026_07_15_driver_reliability_remediation" name="test_scaling_completion_requires_a_complete_semantic_result[test_bits_per_token-inf]" file="tests\test_2026_07_15_driver_reliability_remediation.py" line="1409" time="0.000" /><testcase classname="tests.test_2026_07_15_driver_reliability_remediation" name="test_scaling_completion_requires_a_complete_semantic_result[test_bits_per_token-0.0]" file="tests\test_2026_07_15_driver_reliability_remediation.py" line="1409" time="0.000" /><testcase classname="tests.test_2026_07_15_driver_reliability_remediation" name="test_scaling_completion_requires_a_complete_semantic_result[test_bpc-nan]" file="tests\test_2026_07_15_driver_reliability_remediation.py" line="1409" time="0.000" /><testcase classname="tests.test_2026_07_15_driver_reliability_remediation" name="test_scaling_completion_requires_a_complete_semantic_result[test_bpc-0.0]" file="tests\test_2026_07_15_driver_reliability_remediation.py" line="1409" time="0.000" /><testcase classname="tests.test_2026_07_15_driver_reliability_remediation" name="test_scaling_completion_rejects_internally_inconsistent_metrics[test_ppl-2.0]" file="tests\test_2026_07_15_driver_reliability_remediation.py" line="1432" time="0.000" /><testcase classname="tests.test_2026_07_15_driver_reliability_remediation" name="test_scaling_completion_rejects_internally_inconsistent_metrics[test_bits_per_token-2.0]" file="tests\test_2026_07_15_driver_reliability_remediation.py" line="1432" time="0.000" /><testcase classname="tests.test_2026_07_15_driver_reliability_remediation" name="test_scaling_rerun_refuses_unowned_failure_marker_without_deleting_it" file="tests\test_2026_07_15_driver_reliability_remediation.py" line="1446" time="0.265" /><testcase classname="tests.test_2026_07_15_driver_reliability_remediation" name="test_scaling_rejects_negative_seed_values" file="tests\test_2026_07_15_driver_reliability_remediation.py" line="1477" time="0.000" /><testcase classname="tests.test_2026_07_15_driver_reliability_remediation" name="test_scaling_rejects_integer_enum_seed_values" file="tests\test_2026_07_15_driver_reliability_remediation.py" line="1482" time="0.000" /><testcase classname="tests.test_2026_07_15_driver_reliability_remediation" name="test_default_parameter_match_grid_retains_two_realized_30m_widths" file="tests\test_2026_07_15_driver_reliability_remediation.py" line="1490" time="8.090" /><testcase classname="tests.test_2026_07_15_driver_reliability_remediation" name="test_every_ablation_arm_constructs_with_only_invalid_arm_prerequisites_repaired" file="tests\test_2026_07_15_driver_reliability_remediation.py" line="1519" time="8.128" /><testcase classname="tests.test_2026_07_15_driver_reliability_remediation" name="test_every_scaling_arm_constructs_and_tied_groups_use_ambient_preconditioner" file="tests\test_2026_07_15_driver_reliability_remediation.py" line="1587" time="0.077" /><testcase classname="tests.test_2026_07_15_driver_reliability_remediation" name="test_click_run_phi_controls_use_current_update_policy" file="tests\test_2026_07_15_driver_reliability_remediation.py" line="1609" time="0.000" /><testcase classname="tests.test_2026_07_15_family_remediation" name="test_gaussian_public_statistical_paths_keep_current_values" file="tests\test_2026_07_15_family_remediation.py" line="37" time="0.001" /><testcase classname="tests.test_2026_07_15_family_remediation" name="test_laplace_head_mixer_uses_moment_matched_scale" file="tests\test_2026_07_15_family_remediation.py" line="77" time="0.001" /><testcase classname="tests.test_2026_07_15_family_remediation" name="test_laplace_mahalanobis_norm_uses_mean_fisher_precision" file="tests\test_2026_07_15_family_remediation.py" line="88" time="0.000" /><testcase classname="tests.test_2026_07_15_family_remediation" name="test_gaussian_mahalanobis_preserves_division_arithmetic_order" file="tests\test_2026_07_15_family_remediation.py" line="100" time="0.000" /><testcase classname="tests.test_2026_07_15_family_remediation" name="test_laplace_trust_region_whitens_by_scale_b" file="tests\test_2026_07_15_family_remediation.py" line="130" time="0.000" /><testcase classname="tests.test_2026_07_15_family_remediation" name="test_laplace_attention_reliability_uses_covariance_trace" file="tests\test_2026_07_15_family_remediation.py" line="143" time="0.000" /><testcase classname="tests.test_2026_07_15_family_remediation" name="test_config_rejects_nonfinite_or_nonpositive_divergence_controls[nan-kl_max]" file="tests\test_2026_07_15_family_remediation.py" line="152" time="0.000" /><testcase classname="tests.test_2026_07_15_family_remediation" name="test_config_rejects_nonfinite_or_nonpositive_divergence_controls[nan-renyi_order]" file="tests\test_2026_07_15_family_remediation.py" line="152" time="0.000" /><testcase classname="tests.test_2026_07_15_family_remediation" name="test_config_rejects_nonfinite_or_nonpositive_divergence_controls[inf-kl_max]" file="tests\test_2026_07_15_family_remediation.py" line="152" time="0.000" /><testcase classname="tests.test_2026_07_15_family_remediation" name="test_config_rejects_nonfinite_or_nonpositive_divergence_controls[inf-renyi_order]" file="tests\test_2026_07_15_family_remediation.py" line="152" time="0.000" /><testcase classname="tests.test_2026_07_15_family_remediation" name="test_config_rejects_nonfinite_or_nonpositive_divergence_controls[-inf-kl_max]" file="tests\test_2026_07_15_family_remediation.py" line="152" time="0.000" /><testcase classname="tests.test_2026_07_15_family_remediation" name="test_config_rejects_nonfinite_or_nonpositive_divergence_controls[-inf-renyi_order]" file="tests\test_2026_07_15_family_remediation.py" line="152" time="0.000" /><testcase classname="tests.test_2026_07_15_family_remediation" name="test_config_rejects_nonfinite_or_nonpositive_divergence_controls[0.0-kl_max]" file="tests\test_2026_07_15_family_remediation.py" line="152" time="0.000" /><testcase classname="tests.test_2026_07_15_family_remediation" name="test_config_rejects_nonfinite_or_nonpositive_divergence_controls[0.0-renyi_order]" file="tests\test_2026_07_15_family_remediation.py" line="152" time="0.000" /><testcase classname="tests.test_2026_07_15_family_remediation" name="test_config_rejects_nonfinite_or_nonpositive_divergence_controls[-1.0-kl_max]" file="tests\test_2026_07_15_family_remediation.py" line="152" time="0.000" /><testcase classname="tests.test_2026_07_15_family_remediation" name="test_config_rejects_nonfinite_or_nonpositive_divergence_controls[-1.0-renyi_order]" file="tests\test_2026_07_15_family_remediation.py" line="152" time="0.000" /><testcase classname="tests.test_2026_07_15_family_remediation" name="test_laplace_metrics_use_family_fisher_and_covariance_statistics" file="tests\test_2026_07_15_family_remediation.py" line="162" time="0.000" /><testcase classname="tests.test_2026_07_15_family_remediation" name="test_laplace_near_floor_spectrum_uses_covariance_units" file="tests\test_2026_07_15_family_remediation.py" line="183" time="0.148" /><testcase classname="tests.test_2026_07_15_family_remediation" name="test_laplace_default_floor_effective_rank_is_float32_safe" file="tests\test_2026_07_15_family_remediation.py" line="220" time="0.001" /><testcase classname="tests.test_2026_07_15_family_remediation" name="test_gaussian_near_floor_effective_rank_is_scale_invariant" file="tests\test_2026_07_15_family_remediation.py" line="236" time="0.000" /><testcase classname="tests.test_2026_07_15_family_remediation" name="test_laplace_fisher_figure_labels_name_scale_precision" file="tests\test_2026_07_15_family_remediation.py" line="270" time="0.068" /><testcase classname="tests.test_2026_07_15_family_remediation" name="test_run_artifact_fisher_dashboards_receive_family" file="tests\test_2026_07_15_family_remediation.py" line="306" time="0.217" /><testcase classname="tests.test_2026_07_15_family_remediation" name="test_laplace_model_diagnostics_use_family_statistics" file="tests\test_2026_07_15_family_remediation.py" line="343" time="0.014" /><testcase classname="tests.test_2026_07_15_family_remediation" name="test_laplace_extraction_reports_covariance_not_raw_scale" file="tests\test_2026_07_15_family_remediation.py" line="363" time="0.010" /><testcase classname="tests.test_2026_07_15_family_remediation" name="test_laplace_model_channel_extraction_labels_scale_and_covariance" file="tests\test_2026_07_15_family_remediation.py" line="376" time="0.002" /><testcase classname="tests.test_2026_07_15_family_remediation" name="test_independent_head_mixer_metadata_matches_nonzero_commutator" file="tests\test_2026_07_15_family_remediation.py" line="394" time="0.001" /><testcase classname="tests.test_2026_07_15_family_remediation" name="test_no_grad_identity_shortcut_does_not_call_tensor_item" file="tests\test_2026_07_15_family_remediation.py" line="429" time="0.001" /><testcase classname="tests.test_2026_07_15_family_remediation" name="test_grad_forward_invalidates_identity_shortcut_before_versionless_write" file="tests\test_2026_07_15_family_remediation.py" line="455" time="0.001" /><testcase classname="tests.test_2026_07_15_geometry_remediation" name="test_valid_spd_edge_features_are_exact_under_nonorthogonal_congruence" file="tests\test_2026_07_15_geometry_remediation.py" line="32" time="0.001" /><testcase classname="tests.test_2026_07_15_geometry_remediation" name="test_jitter_recovery_returns_false_exactness_status" file="tests\test_2026_07_15_geometry_remediation.py" line="51" time="0.001" /><testcase classname="tests.test_2026_07_15_geometry_remediation" name="test_covariant_builder_exposes_jitter_exactness_status" file="tests\test_2026_07_15_geometry_remediation.py" line="68" time="0.002" /><testcase classname="tests.test_2026_07_15_geometry_remediation" name="test_production_jitter_status_reaches_logged_artifact" file="tests\test_2026_07_15_geometry_remediation.py" line="89" time="0.186" /><testcase classname="tests.test_2026_07_15_geometry_remediation" name="test_artifact_exactness_is_false_after_feature_jitter_recovery" file="tests\test_2026_07_15_geometry_remediation.py" line="131" time="0.000" /><testcase classname="tests.test_2026_07_15_geometry_remediation" name="test_capped_and_uncapped_airm_routes_have_distinct_artifact_labels" file="tests\test_2026_07_15_geometry_remediation.py" line="139" time="0.000" /><testcase classname="tests.test_2026_07_15_geometry_remediation" name="test_transport_chart_bound_fails_before_exponential_clamp" file="tests\test_2026_07_15_geometry_remediation.py" line="149" time="0.001" /><testcase classname="tests.test_2026_07_15_geometry_remediation" name="test_configured_transport_chart_bound_reaches_flat_model_vertex_exponential" file="tests\test_2026_07_15_geometry_remediation.py" line="156" time="0.002" /><testcase classname="tests.test_2026_07_15_geometry_remediation" name="test_composed_token_position_chart_is_unclamped_in_bound_and_rejected_out_of_bound" file="tests\test_2026_07_15_geometry_remediation.py" line="174" time="0.004" /><testcase classname="tests.test_2026_07_15_geometry_remediation" name="test_configured_transport_chart_bound_reaches_covariant_connection_exponential" file="tests\test_2026_07_15_geometry_remediation.py" line="219" time="0.003" /><testcase classname="tests.test_2026_07_15_geometry_remediation" name="test_transport_chart_bound_config_requires_positive_finite_value[0.0]" file="tests\test_2026_07_15_geometry_remediation.py" line="242" time="0.000" /><testcase classname="tests.test_2026_07_15_geometry_remediation" name="test_transport_chart_bound_config_requires_positive_finite_value[-1.0]" file="tests\test_2026_07_15_geometry_remediation.py" line="242" time="0.000" /><testcase classname="tests.test_2026_07_15_geometry_remediation" name="test_transport_chart_bound_config_requires_positive_finite_value[inf]" file="tests\test_2026_07_15_geometry_remediation.py" line="242" time="0.000" /><testcase classname="tests.test_2026_07_15_geometry_remediation" name="test_transport_chart_bound_config_requires_positive_finite_value[nan]" file="tests\test_2026_07_15_geometry_remediation.py" line="242" time="0.000" /><testcase classname="tests.test_2026_07_15_geometry_remediation" name="test_phi_substep_rejects_retracted_frame_outside_chart_bound" file="tests\test_2026_07_15_geometry_remediation.py" line="248" time="0.003" /><testcase classname="tests.test_2026_07_15_geometry_remediation" name="test_objective_evaluators_honor_transport_chart_bound[alignment]" file="tests\test_2026_07_15_geometry_remediation.py" line="271" time="0.000" /><testcase classname="tests.test_2026_07_15_geometry_remediation" name="test_objective_evaluators_honor_transport_chart_bound[free-energy]" file="tests\test_2026_07_15_geometry_remediation.py" line="271" time="0.000" /><testcase classname="tests.test_2026_07_15_geometry_remediation" name="test_bch_residual_bound_fails_closed" file="tests\test_2026_07_15_geometry_remediation.py" line="297" time="0.001" /><testcase classname="tests.test_2026_07_15_geometry_remediation" name="test_bch_residual_bound_rejects_nonfinite_group_product" file="tests\test_2026_07_15_geometry_remediation.py" line="313" time="0.001" /><testcase classname="tests.test_2026_07_15_geometry_remediation" name="test_euclidean_positional_composition_ignores_bch_residual_bound" file="tests\test_2026_07_15_geometry_remediation.py" line="327" time="0.002" /><testcase classname="tests.test_2026_07_15_geometry_remediation" name="test_transport_chart_bound_rejects_nonfinite_matrix_norm[False-nan]" file="tests\test_2026_07_15_geometry_remediation.py" line="345" time="0.000" /><testcase classname="tests.test_2026_07_15_geometry_remediation" name="test_transport_chart_bound_rejects_nonfinite_matrix_norm[False-inf]" file="tests\test_2026_07_15_geometry_remediation.py" line="345" time="0.000" /><testcase classname="tests.test_2026_07_15_geometry_remediation" name="test_transport_chart_bound_rejects_nonfinite_matrix_norm[False--inf]" file="tests\test_2026_07_15_geometry_remediation.py" line="345" time="0.000" /><testcase classname="tests.test_2026_07_15_geometry_remediation" name="test_transport_chart_bound_rejects_nonfinite_matrix_norm[True-nan]" file="tests\test_2026_07_15_geometry_remediation.py" line="345" time="0.000" /><testcase classname="tests.test_2026_07_15_geometry_remediation" name="test_transport_chart_bound_rejects_nonfinite_matrix_norm[True-inf]" file="tests\test_2026_07_15_geometry_remediation.py" line="345" time="0.000" /><testcase classname="tests.test_2026_07_15_geometry_remediation" name="test_transport_chart_bound_rejects_nonfinite_matrix_norm[True--inf]" file="tests\test_2026_07_15_geometry_remediation.py" line="345" time="0.000" /><testcase classname="tests.test_2026_07_15_geometry_remediation" name="test_near_orthogonal_frame_uses_true_inverse_for_exact_cocycle" file="tests\test_2026_07_15_geometry_remediation.py" line="363" time="0.000" /><testcase classname="tests.test_2026_07_15_geometry_remediation" name="test_high_dimensional_near_orthogonal_frame_uses_true_inverse" file="tests\test_2026_07_15_geometry_remediation.py" line="375" time="0.059" /><testcase classname="tests.test_2026_07_15_geometry_remediation" name="test_omega_retraction_dispatches_through_registry" file="tests\test_2026_07_15_geometry_remediation.py" line="388" time="0.000" /><testcase classname="tests.test_2026_07_15_geometry_remediation" name="test_small_float32_diagonal_kl_matches_float64_reference_before_mask" file="tests\test_2026_07_15_geometry_remediation.py" line="412" time="0.000" /><testcase classname="tests.test_2026_07_15_geometry_remediation" name="test_near_floor_spectral_gradient_matches_float64_oracle" file="tests\test_2026_07_15_geometry_remediation.py" line="431" time="0.001" /><testcase classname="tests.test_2026_07_15_geometry_remediation" name="test_repeated_spectrum_uses_analytic_spectral_derivative_limit" file="tests\test_2026_07_15_geometry_remediation.py" line="466" time="0.002" /><testcase classname="tests.test_2026_07_15_geometry_remediation" name="test_exact_positional_group_product_remains_reachable" file="tests\test_2026_07_15_geometry_remediation.py" line="485" time="0.001" /><testcase classname="tests.test_2026_07_15_performance_remediation" name="test_compact_diagnostics_keep_pairwise_transport_factored" file="tests\test_2026_07_15_performance_remediation.py" line="89" time="0.026" /><testcase classname="tests.test_2026_07_15_performance_remediation" name="test_compact_trace_fallback_keeps_free_energy_transport_factored" file="tests\test_2026_07_15_performance_remediation.py" line="135" time="0.014" /><testcase classname="tests.test_2026_07_15_performance_remediation" name="test_compact_report_fallbacks_keep_transport_factored_end_to_end" file="tests\test_2026_07_15_performance_remediation.py" line="161" time="0.047" /><testcase classname="tests.test_2026_07_15_performance_remediation" name="test_direct_omega_reuses_basis_factorization_and_defers_determinant_diagnostic" file="tests\test_2026_07_15_performance_remediation.py" line="257" time="0.003" /><testcase classname="tests.test_2026_07_15_performance_remediation" name="test_direct_omega_validation_has_one_host_decision_and_remains_fail_closed" file
[...]
case classname="tests.test_verification_install" name="test_install_rejects_managed_destination_symlinks_before_any_write[project-codex]" file="tests\test_verification_install.py" line="675" time="0.015"><skipped type="pytest.skip" message="standard symlinks are unavailable on this platform: [WinError 1314] A required privilege is not held by the client: 'C:\\Users\\chris and christine\\AppData\\Local\\Temp\\pytest-of-chris and christine\\pytest-2625\\test_install_rejects_managed_d17\\outside\\sentinel.txt' -&gt; 'C:\\Users\\chris and christine\\AppData\\Local\\Temp\\pytest-of-chris and christine\\pytest-2625\\test_install_rejects_managed_d17\\project\\AGENTS.md'">C:\Users\chris and christine\Desktop\V3_Transformer\tests\test_verification_install.py:171: standard symlinks are unavailable on this platform: [WinError 1314] A required privilege is not held by the client: 'C:\\Users\\chris and christine\\AppData\\Local\\Temp\\pytest-of-chris and christine\\pytest-2625\\test_install_rejects_managed_d17\\outside\\sentinel.txt' -&gt; 'C:\\Users\\chris and christine\\AppData\\Local\\Temp\\pytest-of-chris and christine\\pytest-2625\\test_install_rejects_managed_d17\\project\\AGENTS.md'</skipped></testcase><testcase classname="tests.test_verification_install" name="test_install_rejects_managed_destination_symlinks_before_any_write[claude-hooks]" file="tests\test_verification_install.py" line="675" time="0.015"><skipped type="pytest.skip" message="standard symlinks are unavailable on this platform: [WinError 1314] A required privilege is not held by the client: 'C:\\Users\\chris and christine\\AppData\\Local\\Temp\\pytest-of-chris and christine\\pytest-2625\\test_install_rejects_managed_d18\\outside\\sentinel.txt' -&gt; 'C:\\Users\\chris and christine\\AppData\\Local\\Temp\\pytest-of-chris and christine\\pytest-2625\\test_install_rejects_managed_d18\\claude\\settings.json'">C:\Users\chris and christine\Desktop\V3_Transformer\tests\test_verification_install.py:171: standard symlinks are unavailable on this platform: [WinError 1314] A required privilege is not held by the client: 'C:\\Users\\chris and christine\\AppData\\Local\\Temp\\pytest-of-chris and christine\\pytest-2625\\test_install_rejects_managed_d18\\outside\\sentinel.txt' -&gt; 'C:\\Users\\chris and christine\\AppData\\Local\\Temp\\pytest-of-chris and christine\\pytest-2625\\test_install_rejects_managed_d18\\claude\\settings.json'</skipped></testcase><testcase classname="tests.test_verification_install" name="test_install_rejects_managed_destination_symlinks_before_any_write[codex-hooks]" file="tests\test_verification_install.py" line="675" time="0.015"><skipped type="pytest.skip" message="standard symlinks are unavailable on this platform: [WinError 1314] A required privilege is not held by the client: 'C:\\Users\\chris and christine\\AppData\\Local\\Temp\\pytest-of-chris and christine\\pytest-2625\\test_install_rejects_managed_d19\\outside\\sentinel.txt' -&gt; 'C:\\Users\\chris and christine\\AppData\\Local\\Temp\\pytest-of-chris and christine\\pytest-2625\\test_install_rejects_managed_d19\\codex\\hooks.json'">C:\Users\chris and christine\Desktop\V3_Transformer\tests\test_verification_install.py:171: standard symlinks are unavailable on this platform: [WinError 1314] A required privilege is not held by the client: 'C:\\Users\\chris and christine\\AppData\\Local\\Temp\\pytest-of-chris and christine\\pytest-2625\\test_install_rejects_managed_d19\\outside\\sentinel.txt' -&gt; 'C:\\Users\\chris and christine\\AppData\\Local\\Temp\\pytest-of-chris and christine\\pytest-2625\\test_install_rejects_managed_d19\\codex\\hooks.json'</skipped></testcase><testcase classname="tests.test_verification_install" name="test_install_rejects_managed_destination_symlinks_before_any_write[claude-deep-audit]" file="tests\test_verification_install.py" line="675" time="0.015"><skipped type="pytest.skip" message="standard symlinks are unavailable on this platform: [WinError 1314] A required privilege is not held by the client: 'C:\\Users\\chris and christine\\AppData\\Local\\Temp\\pytest-of-chris and christine\\pytest-2625\\test_install_rejects_managed_d20\\outside\\sentinel.txt' -&gt; 'C:\\Users\\chris and christine\\AppData\\Local\\Temp\\pytest-of-chris and christine\\pytest-2625\\test_install_rejects_managed_d20\\claude\\skills\\deep-audit\\SKILL.md'">C:\Users\chris and christine\Desktop\V3_Transformer\tests\test_verification_install.py:171: standard symlinks are unavailable on this platform: [WinError 1314] A required privilege is not held by the client: 'C:\\Users\\chris and christine\\AppData\\Local\\Temp\\pytest-of-chris and christine\\pytest-2625\\test_install_rejects_managed_d20\\outside\\sentinel.txt' -&gt; 'C:\\Users\\chris and christine\\AppData\\Local\\Temp\\pytest-of-chris and christine\\pytest-2625\\test_install_rejects_managed_d20\\claude\\skills\\deep-audit\\SKILL.md'</skipped></testcase><testcase classname="tests.test_verification_install" name="test_install_rejects_managed_destination_symlinks_before_any_write[codex-deep-audit]" file="tests\test_verification_install.py" line="675" time="0.015"><skipped type="pytest.skip" message="standard symlinks are unavailable on this platform: [WinError 1314] A required privilege is not held by the client: 'C:\\Users\\chris and christine\\AppData\\Local\\Temp\\pytest-of-chris and christine\\pytest-2625\\test_install_rejects_managed_d21\\outside\\sentinel.txt' -&gt; 'C:\\Users\\chris and christine\\AppData\\Local\\Temp\\pytest-of-chris and christine\\pytest-2625\\test_install_rejects_managed_d21\\codex\\skills\\deep-audit\\SKILL.md'">C:\Users\chris and christine\Desktop\V3_Transformer\tests\test_verification_install.py:171: standard symlinks are unavailable on this platform: [WinError 1314] A required privilege is not held by the client: 'C:\\Users\\chris and christine\\AppData\\Local\\Temp\\pytest-of-chris and christine\\pytest-2625\\test_install_rejects_managed_d21\\outside\\sentinel.txt' -&gt; 'C:\\Users\\chris and christine\\AppData\\Local\\Temp\\pytest-of-chris and christine\\pytest-2625\\test_install_rejects_managed_d21\\codex\\skills\\deep-audit\\SKILL.md'</skipped></testcase><testcase classname="tests.test_verification_install" name="test_neutral_specs_enforce_structured_results_and_adjudicator_closure_abstention" file="tests\test_verification_install.py" line="722" time="0.001" /><testcase classname="tests.test_verification_skill" name="test_skill_frontmatter_has_only_the_installable_identity_fields" file="tests\test_verification_skill.py" line="95" time="0.000" /><testcase classname="tests.test_verification_skill" name="test_skill_activates_the_gate_and_validates_the_named_ledger" file="tests\test_verification_skill.py" line="105" time="0.000" /><testcase classname="tests.test_verification_skill" name="test_copied_skill_renders_an_absolute_gate_command_for_an_unrelated_cwd" file="tests\test_verification_skill.py" line="113" time="0.730" /><testcase classname="tests.test_verification_skill" name="test_copied_skill_renders_a_posix_command_for_git_bash" file="tests\test_verification_skill.py" line="146" time="1.409" /><testcase classname="tests.test_verification_skill" name="test_skill_requires_audits_proofs_and_current_domain_correctness_evidence" file="tests\test_verification_skill.py" line="178" time="0.000" /><testcase classname="tests.test_verification_skill" name="test_skill_links_all_domain_criteria_and_spells_out_closure_states" file="tests\test_verification_skill.py" line="186" time="0.000" /><testcase classname="tests.test_verification_skill" name="test_skill_requires_adaptive_views_reversed_order_and_abstention" file="tests\test_verification_skill.py" line="202" time="0.000" /><testcase classname="tests.test_verification_skill" name="test_skill_documents_revision_binding_candidates_and_terminal_adjudication" file="tests\test_verification_skill.py" line="222" time="0.000" /><testcase classname="tests.test_verification_skill" name="test_schema_encodes_provenance_and_structured_verifier_records" file="tests\test_verification_skill.py" line="239" time="0.000" /><testcase classname="tests.test_verification_skill" name="test_contract_requires_recursive_revalidation_and_exact_adjudication" file="tests\test_verification_skill.py" line="251" time="0.000" /><testcase classname="tests.test_verification_skill" name="test_adjudicator_agent_emits_view_and_result_provenance" file="tests\test_verification_skill.py" line="262" time="0.000" /><testcase classname="tests.test_verification_skill" name="test_eval_corpus_contains_six_required_behavioral_cases" file="tests\test_verification_skill.py" line="278" time="0.000" /><testcase classname="tests.test_viz" name="test_atomic_save_preserves_existing_png_when_renderer_fails_mid_write" file="tests\test_viz.py" line="65" time="0.008" /><testcase classname="tests.test_viz" name="test_atomic_save_rejects_empty_renderer_output_without_replacing_existing_png" file="tests\test_viz.py" line="81" time="0.004" /><testcase classname="tests.test_viz" name="test_set_publication_style_runs" file="tests\test_viz.py" line="96" time="0.000" /><testcase classname="tests.test_viz" name="test_publication_style_renders_japanese_without_missing_glyph_warning" file="tests\test_viz.py" line="104" time="0.017" /><testcase classname="tests.test_viz" name="test_publication_style_does_not_request_uninstalled_font_families" file="tests\test_viz.py" line="114" time="0.017" /><testcase classname="tests.test_viz" name="test_token_display_wiring_preserves_japanese_and_shapes_arabic" file="tests\test_viz.py" line="126" time="0.028" /><testcase classname="tests.test_viz" name="test_non_english_cluster_labels_do_not_add_english_subword_marker" file="tests\test_viz.py" line="132" time="0.000" /><testcase classname="tests.test_viz" name="test_finite_xlim_pads_one_point_without_warning" file="tests\test_viz.py" line="140" time="0.004" /><testcase classname="tests.test_viz" name="test_finite_xlim_preserves_distinct_endpoints" file="tests\test_viz.py" line="150" time="0.079" /><testcase classname="tests.test_viz" name="test_one_point_step_figures_do_not_request_identical_limits[trajectory]" file="tests\test_viz.py" line="157" time="0.015" /><testcase classname="tests.test_viz" name="test_one_point_step_figures_do_not_request_identical_limits[model-channel]" file="tests\test_viz.py" line="157" time="0.024" /><testcase classname="tests.test_viz" name="test_one_point_step_figures_do_not_request_identical_limits[gradient]" file="tests\test_viz.py" line="157" time="0.045" /><testcase classname="tests.test_viz" name="test_one_point_step_figures_do_not_request_identical_limits[dashboard]" file="tests\test_viz.py" line="157" time="0.025" /><testcase classname="tests.test_viz" name="test_one_point_step_figures_do_not_request_identical_limits[kappa]" file="tests\test_viz.py" line="157" time="0.020" /><testcase classname="tests.test_viz" name="test_one_point_step_figures_do_not_request_identical_limits[kappa-block]" file="tests\test_viz.py" line="157" time="0.029" /><testcase classname="tests.test_viz" name="test_offset_fit_requires_four_distinct_sizes" file="tests\test_viz.py" line="194" time="0.000" /><testcase classname="tests.test_viz" name="test_offset_solver_failure_is_labeled" file="tests\test_viz.py" line="211" time="0.000" /><testcase classname="tests.test_viz" name="test_ppl_figures_label_underdetermined_fallbacks" file="tests\test_viz.py" line="228" time="0.039" /><testcase classname="tests.test_viz" name="test_scaling_routes_validates_supplied_weights_after_filtering" file="tests\test_viz.py" line="257" time="0.000" /><testcase classname="tests.test_viz" name="test_clustering_metrics_separated_blobs" file="tests\test_viz.py" line="270" time="0.001" /><testcase classname="tests.test_viz" name="test_attention_graph_structure" file="tests\test_viz.py" line="281" time="0.001" /><testcase classname="tests.test_viz" name="test_plot_embedding_saves" file="tests\test_viz.py" line="288" time="0.078" /><testcase classname="tests.test_viz" name="test_plot_attention_graph_and_heatmap_save" file="tests\test_viz.py" line="296" time="0.207" /><testcase classname="tests.test_viz" name="test_plot_attention_heatmap_channel_colors" file="tests\test_viz.py" line="304" time="0.246" /><testcase classname="tests.test_viz" name="test_plot_covariance_ellipses_and_trajectory_save" file="tests\test_viz.py" line="314" time="0.129" /><testcase classname="tests.test_viz" name="test_plot_trajectory_options_save" file="tests\test_viz.py" line="322" time="0.183" /><testcase classname="tests.test_viz" name="test_plot_attention_grid_saves_4d_and_degenerate" file="tests\test_viz.py" line="335" time="0.456" /><testcase classname="tests.test_viz" name="test_figure_registry" file="tests\test_viz.py" line="345" time="0.000" /><testcase classname="tests.test_viz" name="test_plot_free_energy_decomposition_saves" file="tests\test_viz.py" line="364" time="0.206" /><testcase classname="tests.test_viz" name="test_plot_free_energy_codescent_saves" file="tests\test_viz.py" line="370" time="0.117" /><testcase classname="tests.test_viz" name="test_fe_terms_total_sums_components_and_excludes_ce" file="tests\test_viz.py" line="385" time="0.000" /><testcase classname="tests.test_viz" name="test_fe_terms_belief_only_and_entropy_gate" file="tests\test_viz.py" line="396" time="0.000" /><testcase classname="tests.test_viz" name="test_fe_figures_render_with_model_channel" file="tests\test_viz.py" line="403" time="0.377" /><testcase classname="tests.test_viz" name="test_plot_grad_norm_decomposition_saves" file="tests\test_viz.py" line="413" time="0.160" /><testcase classname="tests.test_viz" name="test_plot_grad_norm_decomposition_partial_columns" file="tests\test_viz.py" line="430" time="0.116" /><testcase classname="tests.test_viz" name="test_plot_estep_grad_norm_decomposition_saves" file="tests\test_viz.py" line="438" time="0.147" /><testcase classname="tests.test_viz" name="test_plot_estep_convergence_saves" file="tests\test_viz.py" line="455" time="0.200" /><testcase classname="tests.test_viz" name="test_plot_ln3_symmetry_breaking_saves" file="tests\test_viz.py" line="464" time="0.239" /><testcase classname="tests.test_viz" name="test_plot_belief_trajectories_saves" file="tests\test_viz.py" line="474" time="0.180" /><testcase classname="tests.test_viz" name="test_plot_belief_category_separation_saves" file="tests\test_viz.py" line="490" time="0.078" /><testcase classname="tests.test_viz" name="test_token_category_helpers" file="tests\test_viz.py" line="498" time="0.000" /><testcase classname="tests.test_viz" name="test_cluster_embedding_and_lift_labels" file="tests\test_viz.py" line="512" time="0.002" /><testcase classname="tests.test_viz" name="test_plot_gauge_equivariance_saves" file="tests\test_viz.py" line="535" time="0.686" /><testcase classname="tests.test_viz" name="test_plot_gauge_head_specialization_saves" file="tests\test_viz.py" line="543" time="0.257" /><testcase classname="tests.test_viz" name="test_plot_attention_structure_saves" file="tests\test_viz.py" line="551" time="0.259" /><testcase classname="tests.test_viz" name="test_plot_attention_structure_single_layer_uses_head_labels" file="tests\test_viz.py" line="563" time="0.244" /><testcase classname="tests.test_viz" name="test_plot_per_layer_diagnostics_saves" file="tests\test_viz.py" line="574" time="0.413" /><testcase classname="tests.test_viz" name="test_plot_belief_spectrum_and_ellipses_save" file="tests\test_viz.py" line="588" time="0.425" /><testcase classname="tests.test_viz" name="test_plot_holonomy_curvature_saves" file="tests\test_viz.py" line="598" time="0.452" /><testcase classname="tests.test_viz" name="test_holonomy_curvature_title_follows_regime" file="tests\test_viz.py" line="606" time="0.819" /><testcase classname="tests.test_viz" name="test_per_layer_belief_geometry_labels_cond_median" file="tests\test_viz.py" line="621" time="0.324" /><testcase classname="tests.test_viz" name="test_trajectory_max_annotation_keeps_small_values" file="tests\test_viz.py" line="638" time="0.119" /><testcase classname="tests.test_viz" name="test_plot_capacity_scaling_and_estep_capacity_save" file="tests\test_viz.py" line="650" time="0.250" /><testcase classname="tests.test_viz" name="test_plot_pareto_frontier_saves" file="tests\test_viz.py" line="661" time="0.184" /><testcase classname="tests.test_viz" name="test_plot_ablation_forest_and_lr_grid_save" file="tests\test_viz.py" line="669" time="0.151" /><testcase classname="tests.test_viz" name="test_plot_numerical_trust_saves" file="tests\test_viz.py" line="686" time="0.162" /><testcase classname="tests.test_viz" name="test_converged_state_omega_direct_uses_stored_frame" file="tests\test_viz.py" line="743" time="0.019" /><testcase classname="tests.test_viz" name="test_snapshot_converged_state_preserves_omega_direct_report_boundary" file="tests\test_viz.py" line="763" time="0.015" /><testcase classname="tests.test_viz" name="test_omega_direct_iterative_extractors_match_forward_transport" file="tests\test_viz.py" line="783" time="0.034" /><testcase classname="tests.test_viz" name="test_phi_extractors_remain_unchanged" file="tests\test_viz.py" line="816" time="0.071" /><testcase classname="tests.test_viz" name="test_reflected_so_frame_drives_model_gauge_invariants" file="tests\test_viz.py" line="893" time="0.027" /><testcase classname="tests.test_viz" name="test_vocab_prediction_stats_shapes_and_invariants" file="tests\test_viz.py" line="937" time="0.020" /><testcase classname="tests.test_viz" name="test_decode_readout_present_only_off_prior_bank" file="tests\test_viz.py" line="952" time="0.003" /><testcase classname="tests.test_viz" name="test_vocab_figures_single_and_two_arm_save" file="tests\test_viz.py" line="958" time="1.022" /><testcase classname="tests.test_viz" name="test_vocab_confusion_requires_decoder" file="tests\test_viz.py" line="977" time="0.021" /><testcase classname="tests.test_viz" name="test_vocab_figures_registered" file="tests\test_viz.py" line="984" time="0.000" /><testcase classname="tests.test_viz_extract_kwargs_20260712" name="test_iter_kwargs_threads_offdefault_estep_knobs" file="tests\test_viz_extract_kwargs_20260712.py" line="39" time="0.002" /><testcase classname="tests.test_viz_extract_kwargs_20260712" name="test_fe_kwargs_threads_lambda_twohop" file="tests\test_viz_extract_kwargs_20260712.py" line="50" time="0.002" /><testcase classname="tests.test_viz_extract_kwargs_20260712" name="test_configured_chart_bound_reaches_direct_extractor_evaluators" file="tests\test_viz_extract_kwargs_20260712.py" line="59" time="0.002" /><testcase classname="tests.test_viz_extract_kwargs_20260712" name="test_shared_bag_accepted_by_both_consumers" file="tests\test_viz_extract_kwargs_20260712.py" line="79" time="0.000" /><testcase classname="tests.test_viz_extract_kwargs_20260712" name="test_extractor_bags_are_supersets_of_shared_bag" file="tests\test_viz_extract_kwargs_20260712.py" line="94" time="0.002" /><testcase classname="tests.test_viz_extract_kwargs_20260712" name="test_production_e_step_receives_shared_bag" file="tests\test_viz_extract_kwargs_20260712.py" line="106" time="0.003" /><testcase classname="tests.test_viz_text" name="test_japanese_display_text_is_unchanged" file="tests\test_viz_text.py" line="8" time="0.000" /><testcase classname="tests.test_viz_text" name="test_arabic_display_text_is_shaped_for_matplotlib" file="tests\test_viz_text.py" line="12" time="0.000" /><testcase classname="tests.test_viz_text" name="test_token_label_rejects_invalid_decoded_fragment" file="tests\test_viz_text.py" line="20" time="0.000" /><testcase classname="tests.test_viz_text" name="test_token_label_keeps_visible_whitespace_markers" file="tests\test_viz_text.py" line="24" time="0.000" /><testcase classname="tests.test_viz_text" name="test_font_fallbacks_and_dataset_policy_are_explicit" file="tests\test_viz_text.py" line="29" time="0.003" /></testsuite></testsuites>