<?xml version="1.0" encoding="utf-8"?><testsuites><testsuite name="pytest" errors="0" failures="0" skipped="0" tests="230" time="5.150" timestamp="2026-08-09T10:33:15.208822" hostname="DESKTOP-RT15E78"><testcase classname="tests.test_priorbank_head_evidence" name="test_head_evidence_is_default_off_and_does_not_change_state_dict" file="tests\test_priorbank_head_evidence.py" line="169" time="0.008" /><testcase classname="tests.test_priorbank_head_evidence" name="test_zero_logits_produce_identity_head_and_coordinate_weights" file="tests\test_priorbank_head_evidence.py" line="188" time="0.005" /><testcase classname="tests.test_priorbank_head_evidence" name="test_head_evidence_parameter_is_enabled_only_and_starts_at_exact_zero" file="tests\test_priorbank_head_evidence.py" line="202" time="0.001" /><testcase classname="tests.test_priorbank_head_evidence" name="test_disabled_head_evidence_preserves_caller_irrep_dims_list_identity" file="tests\test_priorbank_head_evidence.py" line="217" time="0.001" /><testcase classname="tests.test_priorbank_head_evidence" name="test_head_evidence_rejects_overridden_builtin_family_registration" file="tests\test_priorbank_head_evidence.py" line="224" time="0.001" /><testcase classname="tests.test_priorbank_head_evidence" name="test_head_evidence_rejects_overridden_builtin_renyi_functional" file="tests\test_priorbank_head_evidence.py" line="242" time="0.001" /><testcase classname="tests.test_priorbank_head_evidence" name="test_head_evidence_rejects_replaced_canonical_decoder_registration" file="tests\test_priorbank_head_evidence.py" line="259" time="0.001" /><testcase classname="tests.test_priorbank_head_evidence" name="test_head_evidence_rejects_replaced_canonical_decoder_callable" file="tests\test_priorbank_head_evidence.py" line="284" time="0.001" /><testcase classname="tests.test_priorbank_head_evidence" name="test_head_evidence_rejects_invalid_configurations[overrides0-use_prior_bank=True]" file="tests\test_priorbank_head_evidence.py" line="311" time="0.001" /><testcase classname="tests.test_priorbank_head_evidence" name="test_head_evidence_rejects_invalid_configurations[overrides1-at least two gauge blocks]" file="tests\test_priorbank_head_evidence.py" line="311" time="0.001" /><testcase classname="tests.test_priorbank_head_evidence" name="test_head_evidence_rejects_invalid_configurations[overrides2-divergence_family='renyi'.*renyi_order=1.0]" file="tests\test_priorbank_head_evidence.py" line="311" time="0.001" /><testcase classname="tests.test_priorbank_head_evidence" name="test_head_evidence_rejects_invalid_configurations[overrides3-divergence_family='renyi'.*renyi_order=1.0]" file="tests\test_priorbank_head_evidence.py" line="311" time="0.001" /><testcase classname="tests.test_priorbank_head_evidence" name="test_head_evidence_rejects_invalid_configurations[overrides4-canonical KL decode]" file="tests\test_priorbank_head_evidence.py" line="311" time="0.001" /><testcase classname="tests.test_priorbank_head_evidence" name="test_head_evidence_rejects_invalid_configurations[overrides5-gaussian_full.*full.*full_chunked]" file="tests\test_priorbank_head_evidence.py" line="311" time="0.001" /><testcase classname="tests.test_priorbank_head_evidence" name="test_direct_head_evidence_construction_rejects_invalid_contract[overrides0-use_prior_bank=True]" file="tests\test_priorbank_head_evidence.py" line="327" time="0.001" /><testcase classname="tests.test_priorbank_head_evidence" name="test_direct_head_evidence_construction_rejects_invalid_contract[overrides1-at least two]" file="tests\test_priorbank_head_evidence.py" line="327" time="0.001" /><testcase classname="tests.test_priorbank_head_evidence" name="test_direct_head_evidence_construction_rejects_invalid_contract[overrides2-plain positive integers]" file="tests\test_priorbank_head_evidence.py" line="327" time="0.001" /><testcase classname="tests.test_priorbank_head_evidence" name="test_direct_head_evidence_construction_rejects_invalid_contract[overrides3-plain positive integers]" file="tests\test_priorbank_head_evidence.py" line="327" time="0.000" /><testcase classname="tests.test_priorbank_head_evidence" name="test_direct_head_evidence_construction_rejects_invalid_contract[overrides4-sum\\(irrep_dims\\)==K]" file="tests\test_priorbank_head_evidence.py" line="327" time="0.001" /><testcase classname="tests.test_priorbank_head_evidence" name="test_direct_head_evidence_construction_rejects_invalid_contract[overrides5-canonical KL functional]" file="tests\test_priorbank_head_evidence.py" line="327" time="0.001" /><testcase classname="tests.test_priorbank_head_evidence" name="test_direct_head_evidence_construction_rejects_invalid_contract[overrides6-canonical KL functional]" file="tests\test_priorbank_head_evidence.py" line="327" time="0.000" /><testcase classname="tests.test_priorbank_head_evidence" name="test_direct_head_evidence_construction_rejects_invalid_contract[overrides7-supported family/decode contract]" file="tests\test_priorbank_head_evidence.py" line="327" time="0.000" /><testcase classname="tests.test_priorbank_head_evidence" name="test_direct_head_evidence_construction_rejects_invalid_contract[overrides8-supported family/decode contract]" file="tests\test_priorbank_head_evidence.py" line="327" time="0.000" /><testcase classname="tests.test_priorbank_head_evidence" name="test_direct_head_evidence_accepts_precise_projected_rank_exception" file="tests\test_priorbank_head_evidence.py" line="366" time="0.000" /><testcase classname="tests.test_priorbank_head_evidence" name="test_optimizer_owns_head_evidence_logits_once_with_mu_hyperparameters" file="tests\test_priorbank_head_evidence.py" line="388" time="0.001" /><testcase classname="tests.test_priorbank_head_evidence" name="test_head_mixer_and_head_evidence_are_legal_and_separately_owned" file="tests\test_priorbank_head_evidence.py" line="403" time="0.001" /><testcase classname="tests.test_priorbank_head_evidence" name="test_diagonal_reference_matches_nonuniform_unequal_head_blocks_and_gradients[diagonal]" file="tests\test_priorbank_head_evidence.py" line="422" time="0.028" /><testcase classname="tests.test_priorbank_head_evidence" name="test_diagonal_reference_matches_nonuniform_unequal_head_blocks_and_gradients[diagonal_chunked]" file="tests\test_priorbank_head_evidence.py" line="422" time="0.004" /><testcase classname="tests.test_priorbank_head_evidence" name="test_full_reference_retains_unweighted_cross_block_correction_and_gradients[full]" file="tests\test_priorbank_head_evidence.py" line="445" time="0.008" /><testcase classname="tests.test_priorbank_head_evidence" name="test_full_reference_retains_unweighted_cross_block_correction_and_gradients[full_chunked]" file="tests\test_priorbank_head_evidence.py" line="445" time="0.007" /><testcase classname="tests.test_priorbank_head_evidence" name="test_initial_identity_is_bitwise_for_outputs_and_legacy_gradients[diagonal]" file="tests\test_priorbank_head_evidence.py" line="472" time="0.004" /><testcase classname="tests.test_priorbank_head_evidence" name="test_initial_identity_is_bitwise_for_outputs_and_legacy_gradients[diagonal_chunked]" file="tests\test_priorbank_head_evidence.py" line="472" time="0.004" /><testcase classname="tests.test_priorbank_head_evidence" name="test_initial_identity_is_bitwise_for_outputs_and_legacy_gradients[full]" file="tests\test_priorbank_head_evidence.py" line="472" time="0.006" /><testcase classname="tests.test_priorbank_head_evidence" name="test_initial_identity_is_bitwise_for_outputs_and_legacy_gradients[full_chunked]" file="tests\test_priorbank_head_evidence.py" line="472" time="0.005" /><testcase classname="tests.test_priorbank_head_evidence" name="test_fused_head_evidence_ce_matches_dense_with_all_reduction_boundaries_and_gradients[diagonal_chunked]" file="tests\test_priorbank_head_evidence.py" line="504" time="0.006" /><testcase classname="tests.test_priorbank_head_evidence" name="test_fused_head_evidence_ce_matches_dense_with_all_reduction_boundaries_and_gradients[full_chunked]" file="tests\test_priorbank_head_evidence.py" line="504" time="0.007" /><testcase classname="tests.test_priorbank_head_evidence" name="test_simultaneous_head_mixers_have_separate_gradients_and_diagnostics" file="tests\test_priorbank_head_evidence.py" line="560" time="0.070" /><testcase classname="tests.test_priorbank_head_evidence" name="test_fused_head_evidence_builds_weighted_query_lhs_once_across_chunks_and_checkpoint[diagonal_chunked]" file="tests\test_priorbank_head_evidence.py" line="620" time="0.004" /><testcase classname="tests.test_priorbank_head_evidence" name="test_fused_head_evidence_builds_weighted_query_lhs_once_across_chunks_and_checkpoint[full_chunked]" file="tests\test_priorbank_head_evidence.py" line="620" time="0.005" /><testcase classname="tests.test_priorbank_head_evidence" name="test_fused_fp64_decode_av_island_divides_before_float32_cast_with_gradient_parity[diagonal_chunked]" file="tests\test_priorbank_head_evidence.py" line="653" time="0.007" /><testcase classname="tests.test_priorbank_head_evidence" name="test_fused_fp64_decode_av_island_divides_before_float32_cast_with_gradient_parity[full_chunked]" file="tests\test_priorbank_head_evidence.py" line="653" time="0.008" /><testcase classname="tests.test_priorbank_head_evidence" name="test_dense_full_fp64_head_evidence_casts_only_completed_logits_to_query_dtype" file="tests\test_priorbank_head_evidence.py" line="722" time="0.003" /><testcase classname="tests.test_canonical_content_gauge" name="test_canonical_encoder_is_registered_and_matches_the_per_token_canonical_lookup" file="tests\test_canonical_content_gauge.py" line="65" time="0.003" /><testcase classname="tests.test_canonical_content_gauge" name="test_canonical_encoder_rejects_each_incompatible_cross_field_pair[family-gaussian_diagonal]" file="tests\test_canonical_content_gauge.py" line="81" time="0.001" /><testcase classname="tests.test_canonical_content_gauge" name="test_canonical_encoder_rejects_each_incompatible_cross_field_pair[transport_mode-regime_ii]" file="tests\test_canonical_content_gauge.py" line="81" time="0.001" /><testcase classname="tests.test_canonical_content_gauge" name="test_canonical_encoder_rejects_each_incompatible_cross_field_pair[gauge_parameterization-omega_direct]" file="tests\test_canonical_content_gauge.py" line="81" time="0.001" /><testcase classname="tests.test_canonical_content_gauge" name="test_canonical_encoder_rejects_each_incompatible_cross_field_pair[prior_source-model_channel]" file="tests\test_canonical_content_gauge.py" line="81" time="0.000" /><testcase classname="tests.test_canonical_content_gauge" name="test_canonical_encoder_rejects_each_incompatible_cross_field_pair[s_e_step-True]" file="tests\test_canonical_content_gauge.py" line="81" time="0.000" /><testcase classname="tests.test_canonical_content_gauge" name="test_canonical_encoder_rejects_each_incompatible_cross_field_pair[use_prior_bank-False]" file="tests\test_canonical_content_gauge.py" line="81" time="0.001" /><testcase classname="tests.test_canonical_content_gauge" name="test_canonical_encoder_rejects_each_incompatible_cross_field_pair[decode_mode-family]" file="tests\test_canonical_content_gauge.py" line="81" time="0.001" /><testcase classname="tests.test_canonical_content_gauge" name="test_canonical_encoder_rejects_each_incompatible_cross_field_pair[omega_reflection-init_seed]" file="tests\test_canonical_content_gauge.py" line="81" time="0.000" /><testcase classname="tests.test_canonical_content_gauge" name="test_canonical_encoder_rejects_each_incompatible_cross_field_pair[phi_reflection-init_seed]" file="tests\test_canonical_content_gauge.py" line="81" time="0.000" /><testcase classname="tests.test_canonical_content_gauge" name="test_direct_prior_bank_construction_rejects_its_locally_knowable_incompatible_mode" file="tests\test_canonical_content_gauge.py" line="104" time="0.000" /><testcase classname="tests.test_canonical_content_gauge" name="test_exact_construction_rejects_overridden_encoder_identity[registration]" file="tests\test_canonical_content_gauge.py" line="116" time="0.001" /><testcase classname="tests.test_canonical_content_gauge" name="test_exact_construction_rejects_overridden_encoder_identity[callable_map]" file="tests\test_canonical_content_gauge.py" line="116" time="0.001" /><testcase classname="tests.test_canonical_content_gauge" name="test_exact_construction_rejects_overridden_frame_family_identity" file="tests\test_canonical_content_gauge.py" line="153" time="0.001" /><testcase classname="tests.test_canonical_content_gauge" name="test_canonical_tied_and_untied_banks_keep_canonical_coordinates_and_clone_decode_tables" file="tests\test_canonical_content_gauge.py" line="174" time="0.003" /><testcase classname="tests.test_canonical_content_gauge" name="test_canonical_frame_transport_and_decode_match_the_hand_computed_intrinsic_reference" file="tests\test_canonical_content_gauge.py" line="190" time="0.004" /><testcase classname="tests.test_canonical_content_gauge" name="test_canonical_model_has_no_supervised_phi_gradient_and_emits_one_provenance_notice" file="tests\test_canonical_content_gauge.py" line="239" time="0.008" /><testcase classname="tests.test_canonical_content_gauge" name="test_canonical_config_accepts_unigram_base_rate_and_names_its_separate_role" file="tests\test_canonical_content_gauge.py" line="254" time="0.001" /><testcase classname="tests.test_canonical_content_gauge" name="test_canonical_unigram_logits_add_the_configured_base_rate_after_intrinsic_kl_temperature" file="tests\test_canonical_content_gauge.py" line="263" time="0.001" /><testcase classname="tests.test_canonical_content_projected" name="test_pushforward_matches_hand_reference_for_batched_nonorthogonal_frames" file="tests\test_canonical_content_projected.py" line="78" time="0.000" /><testcase classname="tests.test_canonical_content_projected" name="test_positional_order_is_token_frame_times_right_positional_frame" file="tests\test_canonical_content_projected.py" line="107" time="0.001" /><testcase classname="tests.test_canonical_content_projected" name="test_pullback_matches_hand_reference_and_mean_inverse_consistency" file="tests\test_canonical_content_projected.py" line="125" time="0.001" /><testcase classname="tests.test_canonical_content_projected" name="test_pushforward_and_pullback_pass_float64_gradcheck" file="tests\test_canonical_content_projected.py" line="161" time="0.011" /><testcase classname="tests.test_canonical_content_projected" name="test_coordinate_transforms_preserve_float32_under_bf16_autocast" file="tests\test_canonical_content_projected.py" line="190" time="0.001" /><testcase classname="tests.test_canonical_content_projected" name="test_pushforward_rejects_incompatible_shapes_and_dtypes[moment-identical shapes]" file="tests\test_canonical_content_projected.py" line="212" time="0.001" /><testcase classname="tests.test_canonical_content_projected" name="test_pushforward_rejects_incompatible_shapes_and_dtypes[frame-square]" file="tests\test_canonical_content_projected.py" line="212" time="0.001" /><testcase classname="tests.test_canonical_content_projected" name="test_pushforward_rejects_incompatible_shapes_and_dtypes[leading-leading shape]" file="tests\test_canonical_content_projected.py" line="212" time="0.001" /><testcase classname="tests.test_canonical_content_projected" name="test_pushforward_rejects_incompatible_shapes_and_dtypes[dtype-same dtype]" file="tests\test_canonical_content_projected.py" line="212" time="0.000" /><testcase classname="tests.test_canonical_content_projected" name="test_frame_context_rejects_noninverse_layout_mismatch" file="tests\test_canonical_content_projected.py" line="239" time="0.000" /><testcase classname="tests.test_canonical_content_projected" name="test_projected_registry_returns_existing_canonical_table_coordinates" file="tests\test_canonical_content_projected.py" line="248" time="0.002" /><testcase classname="tests.test_canonical_content_projected" name="test_projected_config_rejects_each_incompatible_cross_field_pair[family-gaussian_full]" file="tests\test_canonical_content_projected.py" line="262" time="0.001" /><testcase classname="tests.test_canonical_content_projected" name="test_projected_config_rejects_each_incompatible_cross_field_pair[transport_mode-regime_ii]" file="tests\test_canonical_content_projected.py" line="262" time="0.000" /><testcase classname="tests.test_canonical_content_projected" name="test_projected_config_rejects_each_incompatible_cross_field_pair[gauge_parameterization-omega_direct]" file="tests\test_canonical_content_projected.py" line="262" time="0.000" /><testcase classname="tests.test_canonical_content_projected" name="test_projected_config_rejects_each_incompatible_cross_field_pair[prior_source-model_channel]" file="tests\test_canonical_content_projected.py" line="262" time="0.000" /><testcase classname="tests.test_canonical_content_projected" name="test_projected_config_rejects_each_incompatible_cross_field_pair[s_e_step-True]" file="tests\test_canonical_content_projected.py" line="262" time="0.000" /><testcase classname="tests.test_canonical_content_projected" name="test_projected_config_rejects_each_incompatible_cross_field_pair[e_phi_lr-0.01]" file="tests\test_canonical_content_projected.py" line="262" time="0.000" /><testcase classname="tests.test_canonical_content_projected" name="test_projected_config_rejects_each_incompatible_cross_field_pair[use_prior_bank-False]" file="tests\test_canonical_content_projected.py" line="262" time="0.001" /><testcase classname="tests.test_canonical_content_projected" name="test_projected_config_rejects_each_incompatible_cross_field_pair[decode_mode-diagonal]" file="tests\test_canonical_content_projected.py" line="262" time="0.000" /><testcase classname="tests.test_canonical_content_projected" name="test_projected_config_rejects_each_incompatible_cross_field_pair[omega_reflection-init_seed]" file="tests\test_canonical_content_projected.py" line="262" time="0.001" /><testcase classname="tests.test_canonical_content_projected" name="test_projected_config_rejects_each_incompatible_cross_field_pair[phi_reflection-init_seed]" file="tests\test_canonical_content_projected.py" line="262" time="0.000" /><testcase classname="tests.test_canonical_content_projected" name="test_projected_config_accepts_supported_decode_position_and_tie_variants[False-learned-full]" file="tests\test_canonical_content_projected.py" line="286" time="0.001" /><testcase classname="tests.test_canonical_content_projected" name="test_projected_config_accepts_supported_decode_position_and_tie_variants[False-learned-full_chunked]" file="tests\test_canonical_content_projected.py" line="286" time="0.000" /><testcase classname="tests.test_canonical_content_projected" name="test_projected_config_accepts_supported_decode_position_and_tie_variants[False-frozen-full]" file="tests\test_canonical_content_projected.py" line="286" time="0.000" /><testcase classname="tests.test_canonical_content_projected" name="test_projected_config_accepts_supported_decode_position_and_tie_variants[False-frozen-full_chunked]" file="tests\test_canonical_content_projected.py" line="286" time="0.001" /><testcase classname="tests.test_canonical_content_projected" name="test_projected_config_accepts_supported_decode_position_and_tie_variants[True-learned-full]" file="tests\test_canonical_content_projected.py" line="286" time="0.001" /><testcase classname="tests.test_canonical_content_projected" name="test_projected_config_accepts_supported_decode_position_and_tie_variants[True-learned-full_chunked]" file="tests\test_canonical_content_projected.py" line="286" time="0.001" /><testcase classname="tests.test_canonical_content_projected" name="test_projected_config_accepts_supported_decode_position_and_tie_variants[True-frozen-full]" file="tests\test_canonical_content_projected.py" line="286" time="0.000" /><testcase classname="tests.test_canonical_content_projected" name="test_projected_config_accepts_supported_decode_position_and_tie_variants[True-frozen-full_chunked]" file="tests\test_canonical_content_projected.py" line="286" time="0.000" /><testcase classname="tests.test_canonical_content_projected" name="test_projected_config_accepts_full_head_evidence_after_pullback[full]" file="tests\test_canonical_content_projected.py" line="307" time="0.000" /><testcase classname="tests.test_canonical_content_projected" name="test_projected_config_accepts_full_head_evidence_after_pullback[full_chunked]" file="tests\test_canonical_content_projected.py" line="307" time="0.000" /><testcase classname="tests.test_canonical_content_projected" name="test_projected_construction_rejects_overridden_gaussian_full_family[False]" file="tests\test_canonical_content_projected.py" line="322" time="0.001" /><testcase classname="tests.test_canonical_content_projected" name="test_projected_construction_rejects_overridden_gaussian_full_family[True]" file="tests\test_canonical_content_projected.py" line="322" time="0.000" /><testcase classname="tests.test_canonical_content_projected" name="test_projected_construction_rejects_overridden_diagonal_family_without_mixer[config]" file="tests\test_canonical_content_projected.py" line="362" time="0.000" /><testcase classname="tests.test_canonical_content_projected" name="test_projected_construction_rejects_overridden_diagonal_family_without_mixer[prior_bank]" file="tests\test_canonical_content_projected.py" line="362" time="0.001" /><testcase classname="tests.test_canonical_content_projected" name="test_projected_construction_rejects_overridden_encoder_identity[registration]" file="tests\test_canonical_content_projected.py" line="388" time="0.001" /><testcase classname="tests.test_canonical_content_projected" name="test_projected_construction_rejects_overridden_encoder_identity[callable_map]" file="tests\test_canonical_content_projected.py" line="388" time="0.001" /><testcase classname="tests.test_canonical_content_projected" name="test_projected_construction_rejects_overridden_full_decoder_before_forward[registration-full]" file="tests\test_canonical_content_projected.py" line="425" time="0.001" /><testcase classname="tests.test_canonical_content_projected" name="test_projected_construction_rejects_overridden_full_decoder_before_forward[registration-full_chunked]" file="tests\test_canonical_content_projected.py" line="425" time="0.000" /><testcase classname="tests.test_canonical_content_projected" name="test_projected_construction_rejects_overridden_full_decoder_before_forward[callable-full]" file="tests\test_canonical_content_projected.py" line="425" time="0.000" /><testcase classname="tests.test_canonical_content_projected" name="test_projected_construction_rejects_overridden_full_decoder_before_forward[callable-full_chunked]" file="tests\test_canonical_content_projected.py" line="425" time="0.001" /><testcase classname="tests.test_canonical_content_projected" name="test_ordinary_full_chunked_runtime_preserves_custom_fused_override" file="tests\test_canonical_content_projected.py" line="513" time="0.607" /><testcase classname="tests.test_canonical_content_projected" name="test_direct_projected_prior_bank_rejects_locally_incompatible_family" file="tests\test_canonical_content_projected.py" line="585" time="0.000" /><testcase classname="tests.test_canonical_content_projected" name="test_projected_tied_and_untied_banks_share_only_the_canonical_initial_values" file="tests\test_canonical_content_projected.py" line="598" time="0.002" /><testcase classname="tests.test_canonical_content_projected" name="test_projected_materialize_uses_one_shared_factored_frame_and_preserves_q0_equals_p" file="tests\test_canonical_content_projected.py" line="642" time="0.006" /><testcase classname="tests.test_canonical_content_projected" name="test_projected_materialize_expands_only_compact_vertex_factors" file="tests\test_canonical_content_projected.py" line="732" time="0.004" /><testcase classname="tests.test_canonical_content_projected" name="test_projected_truncated_backprop_reuses_one_transport_across_all_layers" file="tests\test_canonical_content_projected.py" line="776" time="0.006" /><testcase classname="tests.test_canonical_content_projected" name="test_projected_single_head_groups_request_factored_vertex_transport[block_glk]" file="tests\test_canonical_content_projected.py" line="823" time="0.002" /><testcase classname="tests.test_canonical_content_projected" name="test_projected_single_head_groups_request_factored_vertex_transport[glk]" file="tests\test_canonical_content_projected.py" line="823" time="0.003" /><testcase classname="tests.test_canonical_content_projected" name="test_projected_model_materialization_preserves_float32_under_bf16_autocast" file="tests\test_canonical_content_projected.py" line="859" time="0.002" /><testcase classname="tests.test_canonical_content_projected" name="test_projected_phi_gradient_reaches_canonical_tables_and_realized_frames" file="tests\test_canonical_content_projected.py" line="880" time="0.004" /><testcase classname="tests.test_canonical_content_projected" name="test_projected_manual_decode_matches_canonical_full_oracle[False-full]" file="tests\test_canonical_content_projected.py" line="970" time="0.128" /><testcase classname="tests.test_canonical_content_projected" name="test_projected_manual_decode_matches_canonical_full_oracle[False-full_chunked]" file="tests\test_canonical_content_projected.py" line="970" time="0.043" /><testcase classname="tests.test_canonical_content_projected" name="test_projected_manual_decode_matches_canonical_full_oracle[True-full]" file="tests\test_canonical_content_projected.py" line="970" time="0.059" /><testcase classname="tests.test_canonical_content_projected" name="test_projected_manual_decode_matches_canonical_full_oracle[True-full_chunked]" file="tests\test_canonical_content_projected.py" line="970" time="0.054" /><testcase classname="tests.test_canonical_content_projected" name="test_projected_missing_frame_fails_closed_at_priorbank_decode" file="tests\test_canonical_content_projected.py" line="1015" time="0.001" /><testcase classname="tests.test_canonical_content_projected" name="test_projected_missing_frame_fails_closed_at_full_fused_ce" file="tests\test_canonical_content_projected.py" line="1028" time="0.001" /><testcase classname="tests.test_canonical_content_projected" name="test_projected_incompatible_frame_fails_closed_at_priorbank_decode[shape]" file="tests\test_canonical_content_projected.py" line="1044" time="0.001" /><testcase classname="tests.test_canonical_content_projected" name="test_projected_incompatible_frame_fails_closed_at_priorbank_decode[dtype]" file="tests\test_canonical_content_projected.py" line="1044" time="0.001" /><testcase classname="tests.test_canonical_content_projected" name="test_projected_incompatible_frame_fails_closed_at_priorbank_decode[device]" file="tests\test_canonical_content_projected.py" line="1044" time="0.001" /><testcase classname="tests.test_canonical_content_projected" name="test_ordinary_decode_rejects_frame_context_and_is_unchanged_without_it" file="tests\test_canonical_content_projected.py" line="1065" time="0.002" /><testcase classname="tests.test_canonical_content_projected" name="test_ordinary_full_fused_ce_rejects_supplied_frame_context" file="tests\test_canonical_content_projected.py" line="1082" time="0.001" /><testcase classname="tests.test_canonical_content_projected" name="test_projected_dense_fused_value_gradient_parity_with_invalid_query" file="tests\test_canonical_content_projected.py" line="1229" time="0.015" /><testcase classname="tests.test_canonical_content_projected" name="test_projected_model_dense_fused_training_threads_context_and_gradients" file="tests\test_canonical_content_projected.py" line="1290" time="0.290" /><testcase classname="tests.test_prior_bank" name="test_encode_shapes_and_positive_sigma" file="tests\test_prior_bank.py" line="16" time="0.001" /><testcase classname="tests.test_prior_bank" name="test_encode_is_a_lookup" file="tests\test_prior_bank.py" line="26" time="0.001" /><testcase classname="tests.test_prior_bank" name="test_decode_matches_divergence_seam_exactly" file="tests\test_prior_bank.py" line="33" time="0.001" /><testcase classname="tests.test_prior_bank" name="test_decode_matches_reference_across_table_routes[tied-token]" file="tests\test_prior_bank.py" line="46" time="0.001" /><testcase classname="tests.test_prior_bank" name="test_decode_matches_reference_across_table_routes[untied-token]" file="tests\test_prior_bank.py" line="46" time="0.001" /><testcase classname="tests.test_prior_bank" name="test_decode_matches_reference_across_table_routes[tied-model-channel]" file="tests\test_prior_bank.py" line="46" time="0.001" /><testcase classname="tests.test_prior_bank" name="test_decode_matches_reference_across_table_routes[untied-model-channel]" file="tests\test_prior_bank.py" line="46" time="0.001" /><testcase classname="tests.test_prior_bank" name="test_decode_tau_scaling" file="tests\test_prior_bank.py" line="84" time="0.001" /><testcase classname="tests.test_prior_bank" name="test_decode_matches_seam_in_large_kl_regime" file="tests\test_prior_bank.py" line="94" time="0.002" /><testcase classname="tests.test_prior_bank" name="test_decode_exact_at_large_mean_offset" file="tests\test_prior_bank.py" line="117" time="0.001" /><testcase classname="tests.test_prior_bank" name="test_family_decode_matches_direct_functional_diagonal_gaussian[0.5]" file="tests\test_prior_bank.py" line="163" time="0.001" /><testcase classname="tests.test_prior_bank" name="test_family_decode_matches_direct_functional_diagonal_gaussian[1.0]" file="tests\test_prior_bank.py" line="163" time="0.002" /><testcase classname="tests.test_prior_bank" name="test_family_decode_matches_direct_functional_diagonal_gaussian[1.5]" file="tests\test_prior_bank.py" line="163" time="0.001" /><testcase classname="tests.test_prior_bank" name="test_noncanonical_family_decode_ranking_differs_from_gaussian_kl" file="tests\test_prior_bank.py" line="183" time="0.002" /><testcase classname="tests.test_prior_bank" name="test_reference_decode_dispatches_configured_divergence[0.5]" file="tests\test_prior_bank.py" line="205" time="0.002" /><testcase classname="tests.test_prior_bank" name="test_reference_decode_dispatches_configured_divergence[1.0]" file="tests\test_prior_bank.py" line="205" time="0.001" /><testcase classname="tests.test_prior_bank" name="test_family_decode_config_accepts_diagonal_and_full_by_membership" file="tests\test_prior_bank.py" line="221" time="0.001" /><testcase classname="tests.test_prior_bank" name="test_prior_bank_family_metadata_defaults_and_state_dict_unchanged" file="tests\test_prior_bank.py" line="236" time="0.001" /><testcase classname="tests.test_prior_bank" name="test_register_decode_resolves_covariance_kinds_from_supports_full" file="tests\test_prior_bank.py" line="253" time="0.000" /><testcase classname="tests.test_prior_bank" name="test_direct_decode_registration_is_backward_compatible" file="tests\test_prior_bank.py" line="288" time="0.000" /><testcase classname="tests.test_prior_bank" name="test_registered_family_modes_are_family_consistent_dual_rank" file="tests\test_prior_bank.py" line="299" time="0.000" /><testcase classname="tests.test_head_mixer" name="test_identity_init_is_a_noop" file="tests\test_head_mixer.py" line="19" time="0.001" /><testcase classname="tests.test_head_mixer" name="test_mixes_means_across_blocks" file="tests\test_head_mixer.py" line="29" time="0.001" /><testcase classname="tests.test_head_mixer" name="test_diagonal_sigma_closed_form_is_A_squared" file="tests\test_head_mixer.py" line="42" time="0.001" /><testcase classname="tests.test_head_mixer" name="test_exponential_parameterization_prevents_singular_covariance" file="tests\test_head_mixer.py" line="52" time="0.001" /><testcase classname="tests.test_head_mixer" name="test_laplace_exponential_mixer_has_positive_scale_and_finite_gradients" file="tests\test_head_mixer.py" line="66" time="0.001" /><testcase classname="tests.test_head_mixer" name="test_full_cov_sandwich_matches_explicit_kron" file="tests\test_head_mixer.py" line="80" time="0.002" /><testcase classname="tests.test_head_mixer" name="test_requires_at_least_two_equal_blocks" file="tests\test_head_mixer.py" line="94" time="0.000" /><testcase classname="tests.test_head_mixer" name="test_config_use_head_mixer_default_off_and_toggles" file="tests\test_head_mixer.py" line="101" time="0.001" /><testcase classname="tests.test_head_mixer" name="test_model_head_mixer_is_noop_at_init_and_trains" file="tests\test_head_mixer.py" line="106" time="0.013" /><testcase classname="tests.test_head_mixer" name="test_optimizer_covers_head_mixer_params" file="tests\test_head_mixer.py" line="120" time="0.001" /><testcase classname="tests.test_head_mixer" name="test_head_mixer_equivariant_under_tied_gauge_full_cov" file="tests\test_head_mixer.py" line="129" time="0.002" /><testcase classname="tests.test_head_mixer" name="test_head_mixer_rejected_for_single_block_group_at_model_build" file="tests\test_head_mixer.py" line="164" time="0.000" /><testcase classname="tests.test_additive_table_control" name="test_additive_encode_is_registered" file="tests\test_additive_table_control.py" line="19" time="0.000" /><testcase classname="tests.test_additive_table_control" name="test_additive_R_is_a_frozen_buffer_matched_to_ngen" file="tests\test_additive_table_control.py" line="23" time="0.001" /><testcase classname="tests.test_additive_table_control" name="test_additive_encode_zeros_phi_and_shifts_mu" file="tests\test_additive_table_control.py" line="32" time="0.001" /><testcase classname="tests.test_additive_table_control" name="test_additive_phi_embed_receives_gradient" file="tests\test_additive_table_control.py" line="45" time="0.001" /><testcase classname="tests.test_additive_table_control" name="test_per_token_default_path_unchanged" file="tests\test_additive_table_control.py" line="53" time="0.001" /><testcase classname="tests.test_additive_table_control" name="test_arm2_control_route_shape" file="tests\test_additive_table_control.py" line="61" time="0.000" /><testcase classname="tests.test_exact_congruence_family" name="test_family_is_registered_and_diagonal" file="tests\test_exact_congruence_family.py" line="58" time="0.000" /><testcase classname="tests.test_exact_congruence_family" name="test_default_coupling_seam_matches_the_inlined_transport_triple" file="tests\test_exact_congruence_family.py" line="67" time="0.002" /><testcase classname="tests.test_exact_congruence_family" name="test_exact_energy_equals_the_dense_congruence_kl" file="tests\test_exact_congruence_family.py" line="93" time="0.003" /><testcase classname="tests.test_exact_congruence_family" name="test_truncated_energy_is_not_the_congruence_kl" file="tests\test_exact_congruence_family.py" line="118" time="0.002" /><testcase classname="tests.test_exact_congruence_family" name="test_factored_and_compact_routes_match_the_dense_reference" file="tests\test_exact_congruence_family.py" line="136" time="0.003" /><testcase classname="tests.test_exact_congruence_family" name="test_per_head_energy_is_the_dense_per_block_congruence_kl" file="tests\test_exact_congruence_family.py" line="157" time="0.006" /><testcase classname="tests.test_exact_congruence_family" name="test_self_pairs_are_structurally_zero_under_a_cocycle" file="tests\test_exact_congruence_family.py" line="182" time="0.002" /><testcase classname="tests.test_exact_congruence_family" name="test_identity_transport_collapses_onto_the_default_family" file="tests\test_exact_congruence_family.py" line="201" time="0.002" /><testcase classname="tests.test_exact_congruence_family" name="test_reduced_precision_transport_is_promoted_for_the_determinant[factored]" file="tests\test_exact_congruence_family.py" line="223" time="0.002" /><testcase classname="tests.test_exact_congruence_family" name="test_reduced_precision_transport_is_promoted_for_the_determinant[compact]" file="tests\test_exact_congruence_family.py" line="223" time="0.002" /><testcase classname="tests.test_exact_congruence_family" name="test_reduced_precision_transport_is_promoted_for_the_determinant[dense]" file="tests\test_exact_congruence_family.py" line="223" time="0.001" /><testcase classname="tests.test_exact_congruence_family" name="test_noncanonical_divergence_and_uninvertible_transport_fail_closed" file="tests\test_exact_congruence_family.py" line="258" time="0.001" /><testcase classname="tests.test_exact_congruence_family" name="test_structural_helpers_preserve_the_subclass" file="tests\test_exact_congruence_family.py" line="286" time="0.001" /><testcase classname="tests.test_exact_congruence_family" name="test_gauge_table_keeps_its_gradient_under_the_exact_family" file="tests\test_exact_congruence_family.py" line="301" time="0.025" /><testcase classname="tests.test_frame_gaussian_family" name="test_family_is_registered_and_diagonal" file="tests\test_frame_gaussian_family.py" line="35" time="0.000" /><testcase classname="tests.test_frame_gaussian_family" name="test_default_family_location_transport_is_unchanged" file="tests\test_frame_gaussian_family.py" line="43" time="0.001" /><testcase classname="tests.test_frame_gaussian_family" name="test_frame_transports_are_query_broadcasts" file="tests\test_frame_gaussian_family.py" line="64" time="0.001" /><testcase classname="tests.test_frame_gaussian_family" name="test_frame_energy_equals_dense_full_covariance_kl" file="tests\test_frame_gaussian_family.py" line="81" time="0.003" /><testcase classname="tests.test_frame_gaussian_family" name="test_frame_energy_is_independent_of_the_relative_frame" file="tests\test_frame_gaussian_family.py" line="112" time="0.001" /><testcase classname="tests.test_frame_gaussian_family" name="test_block_and_stack_preserve_the_subclass" file="tests\test_frame_gaussian_family.py" line="137" time="0.001" /><testcase classname="tests.test_frame_gaussian_family" name="test_frame_family_leaves_the_gauge_table_without_gradient" file="tests\test_frame_gaussian_family.py" line="151" time="0.011" /><testcase classname="tests.test_frame_gaussian_family" name="test_entropy_matches_the_diagonal_parent" file="tests\test_frame_gaussian_family.py" line="182" time="0.001" /><testcase classname="tests.test_frame_gaussian_family" name="test_frame_family_refuses_a_transport_whose_frames_do_not_cancel" file="tests\test_frame_gaussian_family.py" line="192" time="0.001" /><testcase classname="tests.test_full_covariance" name="test_full_covariance_config_derives_diagonal_covariance_flag" file="tests\test_full_covariance.py" line="18" time="0.001" /><testcase classname="tests.test_full_covariance" name="test_full_gaussian_fisher_precision_has_no_ridge_on_valid_spd_input" file="tests\test_full_covariance.py" line="26" time="0.001" /><testcase classname="tests.test_full_covariance" name="test_full_covariance_model_runs_end_to_end" file="tests\test_full_covariance.py" line="37" time="0.015" /><testcase classname="tests.test_full_covariance" name="test_full_covariance_e_step_keeps_sigma_spd_and_symmetric" file="tests\test_full_covariance.py" line="58" time="0.005" /><testcase classname="tests.test_full_covariance" name="test_full_covariance_reduces_to_diagonal_at_identity_transport" file="tests\test_full_covariance.py" line="78" time="0.005" /><testcase classname="tests.test_full_covariance" name="test_full_kl_survives_non_pd_covariance" file="tests\test_full_covariance.py" line="106" time="0.001" /><testcase classname="tests.test_full_covariance" name="test_full_renyi_alpha_gt1_nonpd_blend_clamps_to_kl_max" file="tests\test_full_covariance.py" line="124" time="0.001" /><testcase classname="tests.test_full_covariance" name="test_full_entropy_marks_non_pd_covariance_invalid" file="tests\test_full_covariance.py" line="138" time="0.001" /><testcase classname="tests.test_full_covariance" name="test_family_decode_matches_direct_functional_full_gaussian[0.5]" file="tests\test_full_covariance.py" line="180" time="0.002" /><testcase classname="tests.test_full_covariance" name="test_family_decode_matches_direct_functional_full_gaussian[1.0]" file="tests\test_full_covariance.py" line="180" time="0.002" /><testcase classname="tests.test_full_covariance" name="test_family_decode_matches_direct_functional_full_gaussian[1.5]" file="tests\test_full_covariance.py" line="180" time="0.002" /><testcase classname="tests.test_full_covariance" name="test_full_family_decode_config_has_no_decode_lower_triangle_keys" file="tests\test_full_covariance.py" line="202" time="0.010" /><testcase classname="tests.test_generate" name="test_shape_in_vocab_and_prompt_preserved" file="tests\test_generate.py" line="71" time="0.011" /><testcase classname="tests.test_generate" name="test_greedy_is_deterministic" file="tests\test_generate.py" line="82" time="0.017" /><testcase classname="tests.test_generate" name="test_greedy_equals_forward_argmax_first_token" file="tests\test_generate.py" line="91" time="0.005" /><testcase classname="tests.test_generate" name="test_generate_decodes_only_last_position" file="tests\test_generate.py" line="105" time="0.005" /><testcase classname="tests.test_generate" name="test_projected_decode_last_matches_full_last_position_for_multitoken_context" file="tests\test_generate.py" line="143" time="0.064" /><testcase classname="tests.test_generate" name="test_projected_generation_recomputes_context_after_sequence_growth" file="tests\test_generate.py" line="169" time="0.209" /><testcase classname="tests.test_generate" name="test_generate_rejects_nonfinite_logit_rows" file="tests\test_generate.py" line="193" time="0.002" /><testcase classname="tests.test_generate" name="test_greedy_ignores_temperature_topk_topp" file="tests\test_generate.py" line="236" time="0.020" /><testcase classname="tests.test_generate" name="test_top_k_one_is_argmax_first_token" file="tests\test_generate.py" line="248" time="0.007" /><testcase classname="tests.test_generate" name="test_top_k_membership_first_token" file="tests\test_generate.py" line="260" time="0.007" /><testcase classname="tests.test_generate" name="test_top_p_and_temperature_paths_run_in_vocab" file="tests\test_generate.py" line="274" time="0.015" /><testcase classname="tests.test_generate" name="test_prompt_longer_than_max_seq_len_does_not_error" file="tests\test_generate.py" line="286" time="0.006" /><testcase classname="tests.test_generate" name="test_generate_is_training_isolated" file="tests\test_generate.py" line="297" time="0.014" /><testcase classname="tests.test_generate" name="test_generate_rejects_invalid_sampler_args" file="tests\test_generate.py" line="314" time="0.006" /><testcase classname="tests.test_generate" name="test_generate_kwargs_order" file="tests\test_generate.py" line="339" time="0.006" /><testcase classname="tests.test_extract_forward_fidelity" name="test_extractor_belief_matches_forward_under_precision_weighted_attention" file="tests\test_extract_forward_fidelity.py" line="103" time="0.115" /><testcase classname="tests.test_extract_forward_fidelity" name="test_belief_bank_matches_forward_under_s_e_step" file="tests\test_extract_forward_fidelity.py" line="125" time="0.190" /><testcase classname="tests.test_extract_forward_fidelity" name="test_extractor_fold_and_anchor_are_noops_on_default_config" file="tests\test_extract_forward_fidelity.py" line="160" time="0.061" /><testcase classname="tests.test_extract_forward_fidelity" name="test_encode_one_matches_forward_under_refined_rope_gamma" file="tests\test_extract_forward_fidelity.py" line="193" time="0.113" /><testcase classname="tests.test_extract_forward_fidelity" name="test_belief_bank_matches_forward_under_refined_rope_gamma" file="tests\test_extract_forward_fidelity.py" line="205" time="0.200" /><testcase classname="tests.test_extract_forward_fidelity" name="test_belief_ce_bank_matches_forward_sigma_under_refined_rope_gamma" file="tests\test_extract_forward_fidelity.py" line="228" time="0.180" /><testcase classname="tests.test_extract_forward_fidelity" name="test_s_channel_refinement_matches_direct_rope_refine" file="tests\test_extract_forward_fidelity.py" line="244" time="0.182" /><testcase classname="tests.test_extract_forward_fidelity" name="test_model_channel_bank_matches_direct_rope_refine" file="tests\test_extract_forward_fidelity.py" line="268" time="0.095" /><testcase classname="tests.test_extract_forward_fidelity" name="test_projected_encode_one_matches_production_initial_snapshot" file="tests\test_extract_forward_fidelity.py" line="369" time="0.152" /><testcase classname="tests.test_extract_forward_fidelity" name="test_projected_e_step_trajectory_matches_production_snapshot" file="tests\test_extract_forward_fidelity.py" line="385" time="0.291" /><testcase classname="tests.test_extract_forward_fidelity" name="test_projected_across_layer_trace_matches_production_snapshot" file="tests\test_extract_forward_fidelity.py" line="395" time="0.306" /><testcase classname="tests.test_extract_forward_fidelity" name="test_projected_converged_state_matches_production_snapshot" file="tests\test_extract_forward_fidelity.py" line="409" time="0.379" /><testcase classname="tests.test_extract_forward_fidelity" name="test_projected_rope_detached_replay_matches_production_snapshot" file="tests\test_extract_forward_fidelity.py" line="423" time="0.368" /><testcase classname="tests.test_extract_forward_fidelity" name="test_shared_refine_transport_preserves_dense_omega_direct_flat_fallback" file="tests\test_extract_forward_fidelity.py" line="442" time="0.021" /><testcase classname="tests.test_extract_forward_fidelity" name="test_projected_inference_record_reuses_same_forward_frame_for_decode[1]" file="tests\test_extract_forward_fidelity.py" line="471" time="0.123" /><testcase classname="tests.test_extract_forward_fidelity" name="test_projected_inference_record_reuses_same_forward_frame_for_decode[3]" file="tests\test_extract_forward_fidelity.py" line="471" time="0.137" /></testsuite></testsuites>