<?xml version="1.0" encoding="utf-8"?><testsuites><testsuite name="pytest" errors="0" failures="0" skipped="1" tests="138" time="118.118" timestamp="2026-08-09T10:33:33.982655" hostname="DESKTOP-RT15E78"><testcase classname="tests.test_train" name="test_optimizer_groups_priors_by_m_lr" file="tests\test_train.py" line="25" time="0.861" /><testcase classname="tests.test_train" name="test_phi_clamp_monitor_threshold_matches_transport_clamp" file="tests\test_train.py" line="41" time="0.000" /><testcase classname="tests.test_train" name="test_phi_clamp_monitor_does_not_construct_dense_generator_gram" file="tests\test_train.py" line="54" time="0.001" /><testcase classname="tests.test_train" name="test_parameter_report_leaves_global_rng_untouched" file="tests\test_train.py" line="72" time="0.037" /><testcase classname="tests.test_train" name="test_optimizer_groups_regime_ii_connection" file="tests\test_train.py" line="86" time="0.001" /><testcase classname="tests.test_train" name="test_lr_lambda_warmup_then_cosine" file="tests\test_train.py" line="98" time="0.000" /><testcase classname="tests.test_train" name="test_scheduler_floors_lr_at_min_lr" file="tests\test_train.py" line="106" time="0.001" /><testcase classname="tests.test_train" name="test_scheduler_min_lr_zero_is_pure_cosine" file="tests\test_train.py" line="123" time="0.001" /><testcase classname="tests.test_train" name="test_fractional_floor_scales_each_group_to_min_lr_frac_times_base" file="tests\test_train.py" line="138" time="0.001" /><testcase classname="tests.test_train" name="test_floor_is_max_of_absolute_min_lr_and_fractional" file="tests\test_train.py" line="155" time="0.001" /><testcase classname="tests.test_train" name="test_floor_lambdas_handle_zero_base_lr_without_dividing" file="tests\test_train.py" line="171" time="0.001" /><testcase classname="tests.test_train" name="test_run_training_applies_cfg_seed_and_deterministic_state" file="tests\test_train.py" line="207" time="0.542" /><testcase classname="tests.test_train" name="test_training_decreases_loss_on_structured_stream" file="tests\test_train.py" line="286" time="15.407" /><testcase classname="tests.test_train" name="test_random_stream_does_not_clear_cutover_anchor" file="tests\test_train.py" line="307" time="5.132" /><testcase classname="tests.test_train" name="test_training_smoke_on_real_wikitext2_if_present" file="tests\test_train.py" line="322" time="0.722" /><testcase classname="tests.test_train" name="test_evaluate_returns_finite_ppl_bpc_consistent_with_ce" file="tests\test_train.py" line="349" time="0.191" /><testcase classname="tests.test_train" name="test_silent_and_logging_paths_are_bitwise_identical" file="tests\test_train.py" line="362" time="1.720" /><testcase classname="tests.test_train" name="test_train_caps_periodic_eval_at_eval_max_batches" file="tests\test_train.py" line="397" time="0.033" /><testcase classname="tests.test_train" name="test_sample_decode_emits_sample_line_each_eval" file="tests\test_train.py" line="414" time="0.084" /><testcase classname="tests.test_train" name="test_tiny_vocab_auto_default_stays_silent" file="tests\test_train.py" line="429" time="0.069" /><testcase classname="tests.test_train" name="test_generate_samples_false_is_silent_at_real_vocab" file="tests\test_train.py" line="443" time="0.065" /><testcase classname="tests.test_train" name="test_auto_default_sample_decoder_emits_at_gpt2_vocab" file="tests\test_train.py" line="457" time="0.234" /><testcase classname="tests.test_train" name="test_train_vfe3_clickrun_importable_and_runs_one_step" file="tests\test_train.py" line="471" time="0.156" /><testcase classname="tests.test_train" name="test_build_optimizer_groups_pos_phi_free" file="tests\test_train.py" line="491" time="0.001" /><testcase classname="tests.test_train" name="test_train_step_skips_on_nonfinite_grad_with_finite_loss" file="tests\test_train.py" line="500" time="0.017" /><testcase classname="tests.test_train" name="test_grad_clip_global_calls_once_with_all_parameters" file="tests\test_train.py" line="567" time="0.006" /><testcase classname="tests.test_train" name="test_grad_clip_per_role_calls_once_per_nonempty_role" file="tests\test_train.py" line="574" time="0.005" /><testcase classname="tests.test_train" name="test_grad_clip_off_still_steps[None]" file="tests\test_train.py" line="591" time="0.007" /><testcase classname="tests.test_train" name="test_grad_clip_off_still_steps[0.0]" file="tests\test_train.py" line="591" time="0.007" /><testcase classname="tests.test_train" name="test_omitted_grad_clip_matches_explicit_one" file="tests\test_train.py" line="606" time="0.013" /><testcase classname="tests.test_train" name="test_grad_clip_signature_preserves_terminal_callback" file="tests\test_train.py" line="629" time="0.013" /><testcase classname="tests.test_train" name="test_attention_diagnostic_failure_does_not_kill_training" file="tests\test_train.py" line="650" time="0.405" /><testcase classname="tests.test_train" name="test_val_diagnostics_failure_resets_to_nan" file="tests\test_train.py" line="670" time="8.992" /><testcase classname="tests.test_train" name="test_select_loader_is_split_aware" file="tests\test_train.py" line="711" time="0.001" /><testcase classname="tests.test_train" name="test_select_loader_raises_on_missing_cache" file="tests\test_train.py" line="735" time="0.001" /><testcase classname="tests.test_train" name="test_train_terminal_callback_receives_resumable_state" file="tests\test_train.py" line="800" time="0.021" /><testcase classname="tests.test_train" name="test_validation_finalizer_records_validation_without_test_fields" file="tests\test_train.py" line="830" time="3.876" /><testcase classname="tests.test_train" name="test_validation_finalizer_uses_completed_terminal_step_not_configured_max" file="tests\test_train.py" line="870" time="3.754" /><testcase classname="tests.test_train" name="test_validation_finalizer_appends_to_existing_metrics_schema" file="tests\test_train.py" line="893" time="3.912" /><testcase classname="tests.test_train" name="test_terminal_callback_restores_cpu_and_cuda_rng" file="tests\test_train.py" line="922" time="3.800" /><testcase classname="tests.test_train" name="test_terminal_checkpoint_resumes_optimizer_rng_and_next_step" file="tests\test_train.py" line="951" time="3.837" /><testcase classname="tests.test_train" name="test_terminal_checkpoint_ema_raw_weights_resume_exactly" file="tests\test_train.py" line="989" time="3.848" /><testcase classname="tests.test_phase0_forward_beliefs" name="test_inference_logits_match_head" file="tests\test_phase0_forward_beliefs.py" line="58" time="0.016" /><testcase classname="tests.test_phase0_forward_beliefs" name="test_dense_training_matches_head" file="tests\test_phase0_forward_beliefs.py" line="66" time="0.016" /><testcase classname="tests.test_phase0_forward_beliefs" name="test_fused_chunked_training_matches_head" file="tests\test_phase0_forward_beliefs.py" line="75" time="0.017" /><testcase classname="tests.test_phase0_forward_beliefs" name="test_mstep_self_coupling_matches_head" file="tests\test_phase0_forward_beliefs.py" line="84" time="0.015" /><testcase classname="tests.test_phase0_forward_beliefs" name="test_mass_phi_matches_head" file="tests\test_phase0_forward_beliefs.py" line="93" time="0.017" /><testcase classname="tests.test_phase0_forward_beliefs" name="test_linear_decode_ablation_matches_head" file="tests\test_phase0_forward_beliefs.py" line="102" time="0.035" /><testcase classname="tests.test_phase0_forward_beliefs" name="test_generate_greedy_matches_head" file="tests\test_phase0_forward_beliefs.py" line="114" time="0.074" /><testcase classname="tests.test_phase0_forward_beliefs" name="test_generate_sampled_is_reproducible" file="tests\test_phase0_forward_beliefs.py" line="121" time="0.163" /><testcase classname="tests.test_phase0_forward_beliefs" name="test_seam_forward_beliefs_equals_forward_inference" file="tests\test_phase0_forward_beliefs.py" line="134" time="0.053" /><testcase classname="tests.test_phase0_forward_beliefs" name="test_capture_out_param_enriched_on_mstep_path" file="tests\test_phase0_forward_beliefs.py" line="146" time="0.020" /><testcase classname="tests.test_audit_runtime_semantics_20260720" name="test_registered_fused_ce_matches_dense_target_boundary[target-minus-one-diagonal_chunked]" file="tests\test_audit_runtime_semantics_20260720.py" line="92" time="0.002" /><testcase classname="tests.test_audit_runtime_semantics_20260720" name="test_registered_fused_ce_matches_dense_target_boundary[target-minus-one-expected_likelihood_chunked]" file="tests\test_audit_runtime_semantics_20260720.py" line="92" time="0.001" /><testcase classname="tests.test_audit_runtime_semantics_20260720" name="test_registered_fused_ce_matches_dense_target_boundary[target-minus-one-family_chunked]" file="tests\test_audit_runtime_semantics_20260720.py" line="92" time="0.001" /><testcase classname="tests.test_audit_runtime_semantics_20260720" name="test_registered_fused_ce_matches_dense_target_boundary[target-minus-one-full_chunked]" file="tests\test_audit_runtime_semantics_20260720.py" line="92" time="0.001" /><testcase classname="tests.test_audit_runtime_semantics_20260720" name="test_registered_fused_ce_matches_dense_target_boundary[target-minus-one-linear]" file="tests\test_audit_runtime_semantics_20260720.py" line="92" time="0.001" /><testcase classname="tests.test_audit_runtime_semantics_20260720" name="test_registered_fused_ce_matches_dense_target_boundary[target-vocab-size-diagonal_chunked]" file="tests\test_audit_runtime_semantics_20260720.py" line="92" time="0.002" /><testcase classname="tests.test_audit_runtime_semantics_20260720" name="test_registered_fused_ce_matches_dense_target_boundary[target-vocab-size-expected_likelihood_chunked]" file="tests\test_audit_runtime_semantics_20260720.py" line="92" time="0.002" /><testcase classname="tests.test_audit_runtime_semantics_20260720" name="test_registered_fused_ce_matches_dense_target_boundary[target-vocab-size-family_chunked]" file="tests\test_audit_runtime_semantics_20260720.py" line="92" time="0.002" /><testcase classname="tests.test_audit_runtime_semantics_20260720" name="test_registered_fused_ce_matches_dense_target_boundary[target-vocab-size-full_chunked]" file="tests\test_audit_runtime_semantics_20260720.py" line="92" time="0.002" /><testcase classname="tests.test_audit_runtime_semantics_20260720" name="test_registered_fused_ce_matches_dense_target_boundary[target-vocab-size-linear]" file="tests\test_audit_runtime_semantics_20260720.py" line="92" time="0.001" /><testcase classname="tests.test_audit_runtime_semantics_20260720" name="test_registered_fused_ce_matches_dense_target_boundary[target-zero-diagonal_chunked]" file="tests\test_audit_runtime_semantics_20260720.py" line="92" time="0.002" /><testcase classname="tests.test_audit_runtime_semantics_20260720" name="test_registered_fused_ce_matches_dense_target_boundary[target-zero-expected_likelihood_chunked]" file="tests\test_audit_runtime_semantics_20260720.py" line="92" time="0.002" /><testcase classname="tests.test_audit_runtime_semantics_20260720" name="test_registered_fused_ce_matches_dense_target_boundary[target-zero-family_chunked]" file="tests\test_audit_runtime_semantics_20260720.py" line="92" time="0.002" /><testcase classname="tests.test_audit_runtime_semantics_20260720" name="test_registered_fused_ce_matches_dense_target_boundary[target-zero-full_chunked]" file="tests\test_audit_runtime_semantics_20260720.py" line="92" time="0.002" /><testcase classname="tests.test_audit_runtime_semantics_20260720" name="test_registered_fused_ce_matches_dense_target_boundary[target-zero-linear]" file="tests\test_audit_runtime_semantics_20260720.py" line="92" time="0.002" /><testcase classname="tests.test_audit_runtime_semantics_20260720" name="test_registered_fused_ce_matches_dense_target_boundary[target-vocab-size-minus-one-diagonal_chunked]" file="tests\test_audit_runtime_semantics_20260720.py" line="92" time="0.002" /><testcase classname="tests.test_audit_runtime_semantics_20260720" name="test_registered_fused_ce_matches_dense_target_boundary[target-vocab-size-minus-one-expected_likelihood_chunked]" file="tests\test_audit_runtime_semantics_20260720.py" line="92" time="0.002" /><testcase classname="tests.test_audit_runtime_semantics_20260720" name="test_registered_fused_ce_matches_dense_target_boundary[target-vocab-size-minus-one-family_chunked]" file="tests\test_audit_runtime_semantics_20260720.py" line="92" time="0.002" /><testcase classname="tests.test_audit_runtime_semantics_20260720" name="test_registered_fused_ce_matches_dense_target_boundary[target-vocab-size-minus-one-full_chunked]" file="tests\test_audit_runtime_semantics_20260720.py" line="92" time="0.002" /><testcase classname="tests.test_audit_runtime_semantics_20260720" name="test_registered_fused_ce_matches_dense_target_boundary[target-vocab-size-minus-one-linear]" file="tests\test_audit_runtime_semantics_20260720.py" line="92" time="0.002" /><testcase classname="tests.test_audit_runtime_semantics_20260720" name="test_registered_fused_ce_matches_dense_target_boundary[ignore-index-control-diagonal_chunked]" file="tests\test_audit_runtime_semantics_20260720.py" line="92" time="0.002" /><testcase classname="tests.test_audit_runtime_semantics_20260720" name="test_registered_fused_ce_matches_dense_target_boundary[ignore-index-control-expected_likelihood_chunked]" file="tests\test_audit_runtime_semantics_20260720.py" line="92" time="0.002" /><testcase classname="tests.test_audit_runtime_semantics_20260720" name="test_registered_fused_ce_matches_dense_target_boundary[ignore-index-control-family_chunked]" file="tests\test_audit_runtime_semantics_20260720.py" line="92" time="0.002" /><testcase classname="tests.test_audit_runtime_semantics_20260720" name="test_registered_fused_ce_matches_dense_target_boundary[ignore-index-control-full_chunked]" file="tests\test_audit_runtime_semantics_20260720.py" line="92" time="0.002" /><testcase classname="tests.test_audit_runtime_semantics_20260720" name="test_registered_fused_ce_matches_dense_target_boundary[ignore-index-control-linear]" file="tests\test_audit_runtime_semantics_20260720.py" line="92" time="0.001" /><testcase classname="tests.test_audit_runtime_semantics_20260720" name="test_evaluate_rejects_undefined_zero_token_metrics[empty-loader]" file="tests\test_audit_runtime_semantics_20260720.py" line="146" time="0.001" /><testcase classname="tests.test_audit_runtime_semantics_20260720" name="test_evaluate_rejects_undefined_zero_token_metrics[all-targets-ignored]" file="tests\test_audit_runtime_semantics_20260720.py" line="146" time="0.001" /><testcase classname="tests.test_audit_runtime_semantics_20260720" name="test_e_step_rejects_non_plain_integer_backprop_depth[fractional]" file="tests\test_audit_runtime_semantics_20260720.py" line="182" time="0.001" /><testcase classname="tests.test_audit_runtime_semantics_20260720" name="test_e_step_rejects_non_plain_integer_backprop_depth[boolean]" file="tests\test_audit_runtime_semantics_20260720.py" line="182" time="0.000" /><testcase classname="tests.test_audit_runtime_semantics_20260720" name="test_e_step_plain_integer_gradient_controls_remain_live[0]" file="tests\test_audit_runtime_semantics_20260720.py" line="210" time="0.003" /><testcase classname="tests.test_audit_runtime_semantics_20260720" name="test_e_step_plain_integer_gradient_controls_remain_live[1]" file="tests\test_audit_runtime_semantics_20260720.py" line="210" time="0.004" /><testcase classname="tests.test_reporting_additions" name="test_geometry_health_renders" file="tests\test_reporting_additions.py" line="64" time="0.326" /><testcase classname="tests.test_reporting_additions" name="test_estep_quality_renders" file="tests\test_reporting_additions.py" line="72" time="0.182" /><testcase classname="tests.test_reporting_additions" name="test_validation_sanity_renders_with_eval_cadence_gaps" file="tests\test_reporting_additions.py" line="78" time="0.227" /><testcase classname="tests.test_reporting_additions" name="test_optimizer_geometry_renders_with_ratio_synthesis" file="tests\test_reporting_additions.py" line="87" time="0.187" /><testcase classname="tests.test_reporting_additions" name="test_kappa_history_renders_with_variance_band" file="tests\test_reporting_additions.py" line="96" time="0.028" /><testcase classname="tests.test_reporting_additions" name="test_kappa_block_trajectory_renders_per_block_kappa_and_tau" file="tests\test_reporting_additions.py" line="103" time="0.193" /><testcase classname="tests.test_reporting_additions" name="test_ppl_offset_renders" file="tests\test_reporting_additions.py" line="113" time="0.431" /><testcase classname="tests.test_reporting_additions" name="test_new_figures_registered" file="tests\test_reporting_additions.py" line="119" time="0.000" /><testcase classname="tests.test_reporting_additions" name="test_dashboard_drops_absent_and_empty" file="tests\test_reporting_additions.py" line="128" time="0.057" /><testcase classname="tests.test_reporting_additions" name="test_save_figures_emits_dashboards" file="tests\test_reporting_additions.py" line="136" time="3.008" /><testcase classname="tests.test_reporting_additions" name="test_save_figures_emits_kappa_histories" file="tests\test_reporting_additions.py" line="152" time="0.427" /><testcase classname="tests.test_reporting_additions" name="test_gauge_transport_figure_aggregates_seeds" file="tests\test_reporting_additions.py" line="182" time="0.011" /><testcase classname="tests.test_reporting_additions" name="test_mu_precond_figure_aggregates_seeds" file="tests\test_reporting_additions.py" line="202" time="0.010" /><testcase classname="tests.test_reporting_additions" name="test_attention_entropy_figure_aggregates_seeds" file="tests\test_reporting_additions.py" line="222" time="0.010" /><testcase classname="tests.test_reporting_additions" name="test_offset_power_law_honors_weights" file="tests\test_reporting_additions.py" line="241" time="0.009" /><testcase classname="tests.test_reporting_additions" name="test_save_figures_emits_kappa_block_trajectory" file="tests\test_reporting_additions.py" line="256" time="0.556" /><testcase classname="tests.test_reporting_additions" name="test_cost_model_linear_decode_does_not_count_prior_bank_readout" file="tests\test_reporting_additions.py" line="297" time="0.000" /><testcase classname="tests.test_reporting_additions" name="test_cost_model_counts_s_channel_estep_once_per_forward" file="tests\test_reporting_additions.py" line="322" time="0.000" /><testcase classname="tests.test_reporting_additions" name="test_pure_path_report_structure_and_flags" file="tests\test_reporting_additions.py" line="367" time="0.000" /><testcase classname="tests.test_reporting_additions" name="test_pure_path_report_marks_priorbank_head_evidence_mixer_as_opt_in" file="tests\test_reporting_additions.py" line="383" time="0.000" /><testcase classname="tests.test_reporting_additions" name="test_pure_path_report_keeps_priorbank_evidence_role_separate_from_head_mixer" file="tests\test_reporting_additions.py" line="396" time="0.000" /><testcase classname="tests.test_reporting_additions" name="test_gauge_purity_axis_is_independent_of_fe_axis" file="tests\test_reporting_additions.py" line="411" time="0.000" /><testcase classname="tests.test_reporting_additions" name="test_pure_path_marks_sigma_twohop_reflection_and_surrogates" file="tests\test_reporting_additions.py" line="427" time="0.000" /><testcase classname="tests.test_reporting_additions" name="test_finalize_run_delegates_memory_guard_to_figure_driver" file="tests\test_reporting_additions.py" line="477" time="0.412" /><testcase classname="tests.test_reporting_additions" name="test_finalize_run_force_large_figures_overrides_guard" file="tests\test_reporting_additions.py" line="495" time="0.403" /><testcase classname="tests.test_reporting_additions" name="test_train_logs_held_out_geometry" file="tests\test_reporting_additions.py" line="515" time="16.954" /><testcase classname="tests.test_reporting_additions" name="test_base_label_strips_seed_suffix" file="tests\test_reporting_additions.py" line="534" time="0.000" /><testcase classname="tests.test_reporting_additions" name="test_seed_aggregate_groups_seeds" file="tests\test_reporting_additions.py" line="541" time="0.000" /><testcase classname="tests.test_reporting_additions" name="test_all_scaling_tables_and_overlays_share_estimator" file="tests\test_reporting_additions.py" line="667" time="0.661" /><testcase classname="tests.test_reporting_additions" name="test_scaling_summary_persists_code_and_data_drift" file="tests\test_reporting_additions.py" line="717" time="0.031" /><testcase classname="tests.test_reporting_additions" name="test_divergent_routes_mark_pooled_fit_confounded" file="tests\test_reporting_additions.py" line="771" time="0.051" /><testcase classname="tests.test_reporting_additions" name="test_indeterminate_ancova_is_unassessed_not_divergent" file="tests\test_reporting_additions.py" line="817" time="0.048" /><testcase classname="tests.test_reporting_additions" name="test_duplicate_single_n_does_not_persist_nan_fit" file="tests\test_reporting_additions.py" line="859" time="0.032" /><testcase classname="tests.test_reporting_additions" name="test_ancova_requires_distinct_sizes_per_route" file="tests\test_reporting_additions.py" line="891" time="0.060" /><testcase classname="tests.test_reporting_additions" name="test_scaling_md_persists_not_fitted_status" file="tests\test_reporting_additions.py" line="916" time="0.007" /><testcase classname="tests.test_reporting_additions" name="test_write_scaling_md" file="tests\test_reporting_additions.py" line="935" time="0.008" /><testcase classname="tests.test_reporting_additions" name="test_scaling_analyze_dispatches_registered_figures_by_name_and_keeps_legacy_outputs" file="tests\test_reporting_additions.py" line="1059" time="0.650" /><testcase classname="tests.test_reporting_additions" name="test_ablation_renderer_dispatches_registered_figures_by_name_and_keeps_legacy_outputs" file="tests\test_reporting_additions.py" line="1105" time="1.141" /><testcase classname="tests.test_run_diagnostics_2026_06_13" name="test_diagnostics_has_extended_keys_finite" file="tests\test_run_diagnostics_2026_06_13.py" line="54" time="0.014" /><testcase classname="tests.test_run_diagnostics_2026_06_13" name="test_train_step_metrics_out_captures_grad_norm" file="tests\test_run_diagnostics_2026_06_13.py" line="70" time="0.009" /><testcase classname="tests.test_run_diagnostics_2026_06_13" name="test_grad_norm_decomposition_attributes_live_tables_under_model_channel" file="tests\test_run_diagnostics_2026_06_13.py" line="94" time="0.017" /><testcase classname="tests.test_run_diagnostics_2026_06_13" name="test_train_step_captures_estep_grad_norms" file="tests\test_run_diagnostics_2026_06_13.py" line="116" time="0.010" /><testcase classname="tests.test_run_diagnostics_2026_06_13" name="test_estep_grad_out_does_not_perturb_the_forward" file="tests\test_run_diagnostics_2026_06_13.py" line="134" time="0.010" /><testcase classname="tests.test_run_diagnostics_2026_06_13" name="test_train_step_without_metrics_out_is_plain_float" file="tests\test_run_diagnostics_2026_06_13.py" line="149" time="0.009" /><testcase classname="tests.test_run_diagnostics_2026_06_13" name="test_metrics_csv_has_tier1_columns_and_is_rectangular" file="tests\test_run_diagnostics_2026_06_13.py" line="161" time="16.216" /><testcase classname="tests.test_run_diagnostics_2026_06_13" name="test_conditional_break_columns_present_only_under_toggle" file="tests\test_run_diagnostics_2026_06_13.py" line="189" time="0.043" /><testcase classname="tests.test_run_diagnostics_2026_06_13" name="test_head_evidence_diagnostics_propagate_to_metrics_csv" file="tests\test_run_diagnostics_2026_06_13.py" line="218" time="0.238" /><testcase classname="tests.test_run_diagnostics_2026_06_13" name="test_diagnostics_has_tier2a_transport_gauge_keys" file="tests\test_run_diagnostics_2026_06_13.py" line="266" time="0.009" /><testcase classname="tests.test_run_diagnostics_2026_06_13" name="test_val_diagnostics_columns_rectangular_and_finite" file="tests\test_run_diagnostics_2026_06_13.py" line="281" time="16.635" /><testcase classname="tests.test_run_diagnostics_2026_06_13" name="test_val_diagnostics_passes_explicit_diagonal_covariance_for_square_trace" file="tests\test_run_diagnostics_2026_06_13.py" line="308" time="0.023" /><testcase classname="tests.test_run_diagnostics_2026_06_13" name="test_diagnostics_has_renyi_band_frac" file="tests\test_run_diagnostics_2026_06_13.py" line="337" time="0.011" /><testcase classname="tests.test_run_diagnostics_2026_06_13" name="test_self_divergence_is_raw_unregularized_self_coupling" file="tests\test_run_diagnostics_2026_06_13.py" line="344" time="0.020" /><testcase classname="tests.test_run_diagnostics_2026_06_13" name="test_group_gauge_invariant_sp_is_conjugation_invariant" file="tests\test_run_diagnostics_2026_06_13.py" line="364" time="0.001" /><testcase classname="tests.test_run_diagnostics_2026_06_13" name="test_guard_saturation_full_cov_floor_binds" file="tests\test_run_diagnostics_2026_06_13.py" line="382" time="0.001" /><testcase classname="tests.test_run_diagnostics_2026_06_13" name="test_finalize_writes_tier3_research_and_provenance" file="tests\test_run_diagnostics_2026_06_13.py" line="398" time="0.002"><skipped type="pytest.skip" message="slow integration test; pass --runslow to run it">C:\tmp\vfe3-priorbank-head-evidence-canonical-content-20260808\tests\test_run_diagnostics_2026_06_13.py:399: slow integration test; pass --runslow to run it</skipped></testcase></testsuite></testsuites>